终端机在文法中未使用

    LOWER_THAN_ELSE


状态 58 冲突：1 项偏移/归约


语法

    0 $accept: Program $end

    1 Program: ExtDefList

    2 ExtDefList: ExtDef ExtDefList
    3           | ε

    4 ExtDef: Specifier ExtDecList SEMI
    5       | Specifier SEMI
    6       | Specifier FunDec CompSt
    7       | error SEMI
    8       | Specifier error SEMI
    9       | error Specifier SEMI

   10 ExtDecList: VarDec
   11           | VarDec COMMA ExtDecList

   12 Specifier: TYPE
   13          | StructSpecifier

   14 StructSpecifier: STRUCT OptTag LC DefList RC
   15                | STRUCT Tag

   16 OptTag: ID
   17       | ε

   18 Tag: ID

   19 VarDec: ID
   20       | VarDec LB INT RB
   21       | VarDec LB error RB
   22       | VarDec LB INT RB error

   23 FunDec: ID LP VarList RP
   24       | ID LP RP
   25       | ID LP error RP
   26       | error LP VarList RP

   27 VarList: ParamDec COMMA VarList
   28        | ParamDec

   29 ParamDec: Specifier VarDec

   30 CompSt: LC DefList StmtList RC

   31 StmtList: Stmt StmtList
   32         | ε

   33 Stmt: Exp SEMI
   34     | CompSt
   35     | RETURN Exp SEMI
   36     | IF LP Exp RP Stmt
   37     | IF LP Exp RP Stmt ELSE Stmt
   38     | WHILE LP Exp RP Stmt
   39     | IF error Exp RP Stmt
   40     | IF LP error RP Stmt
   41     | IF LP Exp error Stmt
   42     | WHILE error Exp RP Stmt
   43     | WHILE LP error RP Stmt
   44     | WHILE LP Exp error Stmt
   45     | error SEMI
   46     | Exp error SEMI
   47     | Exp error
   48     | RETURN error SEMI
   49     | RETURN Exp error

   50 DefList: Def DefList
   51        | ε

   52 Def: Specifier DecList SEMI
   53    | Specifier error SEMI
   54    | Specifier DecList error

   55 DecList: Dec
   56        | Dec COMMA DecList

   57 Dec: VarDec
   58    | VarDec ASSIGNOP Exp

   59 Exp: LP Exp RP
   60    | ID LP Args RP
   61    | ID LP RP
   62    | Exp LB Exp RB
   63    | Exp DOT ID
   64    | MINUS Exp
   65    | NOT Exp
   66    | Exp STAR Exp
   67    | Exp DIV Exp
   68    | Exp PLUS Exp
   69    | Exp MINUS Exp
   70    | Exp RELOP Exp
   71    | Exp AND Exp
   72    | Exp OR Exp
   73    | Exp ASSIGNOP Exp
   74    | ID
   75    | INT
   76    | FLOAT
   77    | LP error RP
   78    | ID LP error RP
   79    | Exp LB error RB
   80    | MINUS error
   81    | NOT error
   82    | Exp STAR error
   83    | Exp DIV error
   84    | Exp PLUS error
   85    | Exp MINUS error
   86    | Exp RELOP error
   87    | Exp AND error
   88    | Exp OR error
   89    | Exp ASSIGNOP error

   90 Args: Exp COMMA Args
   91     | Exp


终结语词，附有它们出现处的规则

    $end (0) 0
    error (256) 7 8 9 21 22 25 26 39 40 41 42 43 44 45 46 47 48 49 53 54 77 78 79 80 81 82 83 84 85 86 87 88 89
    INT (258) 20 22 75
    FLOAT (259) 76
    ID (260) 16 18 19 23 24 25 60 61 63 74 78
    SEMI (261) 4 5 7 8 9 33 35 45 46 48 52 53
    COMMA (262) 11 27 56 90
    ASSIGNOP (263) 58 73 89
    RELOP (264) 70 86
    PLUS (265) 68 84
    MINUS (266) 64 69 80 85
    STAR (267) 66 82
    DIV (268) 67 83
    AND (269) 71 87
    OR (270) 72 88
    DOT (271) 63
    NOT (272) 65 81
    TYPE (273) 12
    LP (274) 23 24 25 26 36 37 38 40 41 43 44 59 60 61 77 78
    RP (275) 23 24 25 26 36 37 38 39 40 42 43 59 60 61 77 78
    LB (276) 20 21 22 62 79
    RB (277) 20 21 22 62 79
    LC (278) 14 30
    RC (279) 14 30
    STRUCT (280) 14 15
    RETURN (281) 35 48 49
    IF (282) 36 37 39 40 41
    ELSE (283) 37
    WHILE (284) 38 42 43 44
    LOWER_THAN_ELSE (285)


非终结语词，附有它们出现处的规则

    $accept (31)
        on left: 0
    Program (32)
        on left: 1
        on right: 0
    ExtDefList (33)
        on left: 2 3
        on right: 1 2
    ExtDef (34)
        on left: 4 5 6 7 8 9
        on right: 2
    ExtDecList (35)
        on left: 10 11
        on right: 4 11
    Specifier (36)
        on left: 12 13
        on right: 4 5 6 8 9 29 52 53 54
    StructSpecifier (37)
        on left: 14 15
        on right: 13
    OptTag (38)
        on left: 16 17
        on right: 14
    Tag (39)
        on left: 18
        on right: 15
    VarDec (40)
        on left: 19 20 21 22
        on right: 10 11 20 21 22 29 57 58
    FunDec (41)
        on left: 23 24 25 26
        on right: 6
    VarList (42)
        on left: 27 28
        on right: 23 26 27
    ParamDec (43)
        on left: 29
        on right: 27 28
    CompSt (44)
        on left: 30
        on right: 6 34
    StmtList (45)
        on left: 31 32
        on right: 30 31
    Stmt (46)
        on left: 33 34 35 36 37 38 39 40 41 42 43 44 45 46 47 48 49
        on right: 31 36 37 38 39 40 41 42 43 44
    DefList (47)
        on left: 50 51
        on right: 14 30 50
    Def (48)
        on left: 52 53 54
        on right: 50
    DecList (49)
        on left: 55 56
        on right: 52 54 56
    Dec (50)
        on left: 57 58
        on right: 55 56
    Exp (51)
        on left: 59 60 61 62 63 64 65 66 67 68 69 70 71 72 73 74 75 76 77 78 79 80 81 82 83 84 85 86 87 88 89
        on right: 33 35 36 37 38 39 41 42 44 46 47 49 58 59 62 63 64 65 66 67 68 69 70 71 72 73 79 82 83 84 85 86 87 88 89 90 91
    Args (52)
        on left: 90 91
        on right: 60 90


状态 0

    0 $accept: • Program $end

    error   偏移，并进入状态 1
    TYPE    偏移，并进入状态 2
    STRUCT  偏移，并进入状态 3

    $end  使用规则 3 以归约 (ExtDefList)

    Program          转到状态 4
    ExtDefList       转到状态 5
    ExtDef           转到状态 6
    Specifier        转到状态 7
    StructSpecifier  转到状态 8


状态 1

    7 ExtDef: error • SEMI
    9       | error • Specifier SEMI

    SEMI    偏移，并进入状态 9
    TYPE    偏移，并进入状态 2
    STRUCT  偏移，并进入状态 3

    Specifier        转到状态 10
    StructSpecifier  转到状态 8


状态 2

   12 Specifier: TYPE •

    $default  使用规则 12 以归约 (Specifier)


状态 3

   14 StructSpecifier: STRUCT • OptTag LC DefList RC
   15                | STRUCT • Tag

    ID  偏移，并进入状态 11

    $default  使用规则 17 以归约 (OptTag)

    OptTag  转到状态 12
    Tag     转到状态 13


状态 4

    0 $accept: Program • $end

    $end  偏移，并进入状态 14


状态 5

    1 Program: ExtDefList •

    $default  使用规则 1 以归约 (Program)


状态 6

    2 ExtDefList: ExtDef • ExtDefList

    error   偏移，并进入状态 1
    TYPE    偏移，并进入状态 2
    STRUCT  偏移，并进入状态 3

    $end  使用规则 3 以归约 (ExtDefList)

    ExtDefList       转到状态 15
    ExtDef           转到状态 6
    Specifier        转到状态 7
    StructSpecifier  转到状态 8


状态 7

    4 ExtDef: Specifier • ExtDecList SEMI
    5       | Specifier • SEMI
    6       | Specifier • FunDec CompSt
    8       | Specifier • error SEMI

    error  偏移，并进入状态 16
    ID     偏移，并进入状态 17
    SEMI   偏移，并进入状态 18

    ExtDecList  转到状态 19
    VarDec      转到状态 20
    FunDec      转到状态 21


状态 8

   13 Specifier: StructSpecifier •

    $default  使用规则 13 以归约 (Specifier)


状态 9

    7 ExtDef: error SEMI •

    $default  使用规则 7 以归约 (ExtDef)


状态 10

    9 ExtDef: error Specifier • SEMI

    SEMI  偏移，并进入状态 22


状态 11

   16 OptTag: ID •
   18 Tag: ID •

    LC        使用规则 16 以归约 (OptTag)
    $default  使用规则 18 以归约 (Tag)


状态 12

   14 StructSpecifier: STRUCT OptTag • LC DefList RC

    LC  偏移，并进入状态 23


状态 13

   15 StructSpecifier: STRUCT Tag •

    $default  使用规则 15 以归约 (StructSpecifier)


状态 14

    0 $accept: Program $end •

    $default  接受


状态 15

    2 ExtDefList: ExtDef ExtDefList •

    $default  使用规则 2 以归约 (ExtDefList)


状态 16

    8 ExtDef: Specifier error • SEMI
   26 FunDec: error • LP VarList RP

    SEMI  偏移，并进入状态 24
    LP    偏移，并进入状态 25


状态 17

   19 VarDec: ID •
   23 FunDec: ID • LP VarList RP
   24       | ID • LP RP
   25       | ID • LP error RP

    LP  偏移，并进入状态 26

    $default  使用规则 19 以归约 (VarDec)


状态 18

    5 ExtDef: Specifier SEMI •

    $default  使用规则 5 以归约 (ExtDef)


状态 19

    4 ExtDef: Specifier ExtDecList • SEMI

    SEMI  偏移，并进入状态 27


状态 20

   10 ExtDecList: VarDec •
   11           | VarDec • COMMA ExtDecList
   20 VarDec: VarDec • LB INT RB
   21       | VarDec • LB error RB
   22       | VarDec • LB INT RB error

    COMMA  偏移，并进入状态 28
    LB     偏移，并进入状态 29

    $default  使用规则 10 以归约 (ExtDecList)


状态 21

    6 ExtDef: Specifier FunDec • CompSt

    LC  偏移，并进入状态 30

    CompSt  转到状态 31


状态 22

    9 ExtDef: error Specifier SEMI •

    $default  使用规则 9 以归约 (ExtDef)


状态 23

   14 StructSpecifier: STRUCT OptTag LC • DefList RC

    TYPE    偏移，并进入状态 2
    STRUCT  偏移，并进入状态 3

    $default  使用规则 51 以归约 (DefList)

    Specifier        转到状态 32
    StructSpecifier  转到状态 8
    DefList          转到状态 33
    Def              转到状态 34


状态 24

    8 ExtDef: Specifier error SEMI •

    $default  使用规则 8 以归约 (ExtDef)


状态 25

   26 FunDec: error LP • VarList RP

    TYPE    偏移，并进入状态 2
    STRUCT  偏移，并进入状态 3

    Specifier        转到状态 35
    StructSpecifier  转到状态 8
    VarList          转到状态 36
    ParamDec         转到状态 37


状态 26

   23 FunDec: ID LP • VarList RP
   24       | ID LP • RP
   25       | ID LP • error RP

    error   偏移，并进入状态 38
    TYPE    偏移，并进入状态 2
    RP      偏移，并进入状态 39
    STRUCT  偏移，并进入状态 3

    Specifier        转到状态 35
    StructSpecifier  转到状态 8
    VarList          转到状态 40
    ParamDec         转到状态 37


状态 27

    4 ExtDef: Specifier ExtDecList SEMI •

    $default  使用规则 4 以归约 (ExtDef)


状态 28

   11 ExtDecList: VarDec COMMA • ExtDecList

    ID  偏移，并进入状态 41

    ExtDecList  转到状态 42
    VarDec      转到状态 20


状态 29

   20 VarDec: VarDec LB • INT RB
   21       | VarDec LB • error RB
   22       | VarDec LB • INT RB error

    error  偏移，并进入状态 43
    INT    偏移，并进入状态 44


状态 30

   30 CompSt: LC • DefList StmtList RC

    TYPE    偏移，并进入状态 2
    STRUCT  偏移，并进入状态 3

    $default  使用规则 51 以归约 (DefList)

    Specifier        转到状态 32
    StructSpecifier  转到状态 8
    DefList          转到状态 45
    Def              转到状态 34


状态 31

    6 ExtDef: Specifier FunDec CompSt •

    $default  使用规则 6 以归约 (ExtDef)


状态 32

   52 Def: Specifier • DecList SEMI
   53    | Specifier • error SEMI
   54    | Specifier • DecList error

    error  偏移，并进入状态 46
    ID     偏移，并进入状态 41

    VarDec   转到状态 47
    DecList  转到状态 48
    Dec      转到状态 49


状态 33

   14 StructSpecifier: STRUCT OptTag LC DefList • RC

    RC  偏移，并进入状态 50


状态 34

   50 DefList: Def • DefList

    TYPE    偏移，并进入状态 2
    STRUCT  偏移，并进入状态 3

    $default  使用规则 51 以归约 (DefList)

    Specifier        转到状态 32
    StructSpecifier  转到状态 8
    DefList          转到状态 51
    Def              转到状态 34


状态 35

   29 ParamDec: Specifier • VarDec

    ID  偏移，并进入状态 41

    VarDec  转到状态 52


状态 36

   26 FunDec: error LP VarList • RP

    RP  偏移，并进入状态 53


状态 37

   27 VarList: ParamDec • COMMA VarList
   28        | ParamDec •

    COMMA  偏移，并进入状态 54

    $default  使用规则 28 以归约 (VarList)


状态 38

   25 FunDec: ID LP error • RP

    RP  偏移，并进入状态 55


状态 39

   24 FunDec: ID LP RP •

    $default  使用规则 24 以归约 (FunDec)


状态 40

   23 FunDec: ID LP VarList • RP

    RP  偏移，并进入状态 56


状态 41

   19 VarDec: ID •

    $default  使用规则 19 以归约 (VarDec)


状态 42

   11 ExtDecList: VarDec COMMA ExtDecList •

    $default  使用规则 11 以归约 (ExtDecList)


状态 43

   21 VarDec: VarDec LB error • RB

    RB  偏移，并进入状态 57


状态 44

   20 VarDec: VarDec LB INT • RB
   22       | VarDec LB INT • RB error

    RB  偏移，并进入状态 58


状态 45

   30 CompSt: LC DefList • StmtList RC

    error   偏移，并进入状态 59
    INT     偏移，并进入状态 60
    FLOAT   偏移，并进入状态 61
    ID      偏移，并进入状态 62
    MINUS   偏移，并进入状态 63
    NOT     偏移，并进入状态 64
    LP      偏移，并进入状态 65
    LC      偏移，并进入状态 30
    RETURN  偏移，并进入状态 66
    IF      偏移，并进入状态 67
    WHILE   偏移，并进入状态 68

    RC  使用规则 32 以归约 (StmtList)

    CompSt    转到状态 69
    StmtList  转到状态 70
    Stmt      转到状态 71
    Exp       转到状态 72


状态 46

   53 Def: Specifier error • SEMI

    SEMI  偏移，并进入状态 73


状态 47

   20 VarDec: VarDec • LB INT RB
   21       | VarDec • LB error RB
   22       | VarDec • LB INT RB error
   57 Dec: VarDec •
   58    | VarDec • ASSIGNOP Exp

    ASSIGNOP  偏移，并进入状态 74
    LB        偏移，并进入状态 29

    $default  使用规则 57 以归约 (Dec)


状态 48

   52 Def: Specifier DecList • SEMI
   54    | Specifier DecList • error

    error  偏移，并进入状态 75
    SEMI   偏移，并进入状态 76


状态 49

   55 DecList: Dec •
   56        | Dec • COMMA DecList

    COMMA  偏移，并进入状态 77

    $default  使用规则 55 以归约 (DecList)


状态 50

   14 StructSpecifier: STRUCT OptTag LC DefList RC •

    $default  使用规则 14 以归约 (StructSpecifier)


状态 51

   50 DefList: Def DefList •

    $default  使用规则 50 以归约 (DefList)


状态 52

   20 VarDec: VarDec • LB INT RB
   21       | VarDec • LB error RB
   22       | VarDec • LB INT RB error
   29 ParamDec: Specifier VarDec •

    LB  偏移，并进入状态 29

    $default  使用规则 29 以归约 (ParamDec)


状态 53

   26 FunDec: error LP VarList RP •

    $default  使用规则 26 以归约 (FunDec)


状态 54

   27 VarList: ParamDec COMMA • VarList

    TYPE    偏移，并进入状态 2
    STRUCT  偏移，并进入状态 3

    Specifier        转到状态 35
    StructSpecifier  转到状态 8
    VarList          转到状态 78
    ParamDec         转到状态 37


状态 55

   25 FunDec: ID LP error RP •

    $default  使用规则 25 以归约 (FunDec)


状态 56

   23 FunDec: ID LP VarList RP •

    $default  使用规则 23 以归约 (FunDec)


状态 57

   21 VarDec: VarDec LB error RB •

    $default  使用规则 21 以归约 (VarDec)


状态 58

   20 VarDec: VarDec LB INT RB •
   22       | VarDec LB INT RB • error

    error  偏移，并进入状态 79

    error     [使用规则 20 以归约 (VarDec)]
    SEMI      使用规则 20 以归约 (VarDec)
    COMMA     使用规则 20 以归约 (VarDec)
    ASSIGNOP  使用规则 20 以归约 (VarDec)
    RP        使用规则 20 以归约 (VarDec)
    LB        使用规则 20 以归约 (VarDec)


状态 59

   45 Stmt: error • SEMI

    SEMI  偏移，并进入状态 80


状态 60

   75 Exp: INT •

    $default  使用规则 75 以归约 (Exp)


状态 61

   76 Exp: FLOAT •

    $default  使用规则 76 以归约 (Exp)


状态 62

   60 Exp: ID • LP Args RP
   61    | ID • LP RP
   74    | ID •
   78    | ID • LP error RP

    LP  偏移，并进入状态 81

    $default  使用规则 74 以归约 (Exp)


状态 63

   64 Exp: MINUS • Exp
   80    | MINUS • error

    error  偏移，并进入状态 82
    INT    偏移，并进入状态 60
    FLOAT  偏移，并进入状态 61
    ID     偏移，并进入状态 62
    MINUS  偏移，并进入状态 63
    NOT    偏移，并进入状态 64
    LP     偏移，并进入状态 65

    Exp  转到状态 83


状态 64

   65 Exp: NOT • Exp
   81    | NOT • error

    error  偏移，并进入状态 84
    INT    偏移，并进入状态 60
    FLOAT  偏移，并进入状态 61
    ID     偏移，并进入状态 62
    MINUS  偏移，并进入状态 63
    NOT    偏移，并进入状态 64
    LP     偏移，并进入状态 65

    Exp  转到状态 85


状态 65

   59 Exp: LP • Exp RP
   77    | LP • error RP

    error  偏移，并进入状态 86
    INT    偏移，并进入状态 60
    FLOAT  偏移，并进入状态 61
    ID     偏移，并进入状态 62
    MINUS  偏移，并进入状态 63
    NOT    偏移，并进入状态 64
    LP     偏移，并进入状态 65

    Exp  转到状态 87


状态 66

   35 Stmt: RETURN • Exp SEMI
   48     | RETURN • error SEMI
   49     | RETURN • Exp error

    error  偏移，并进入状态 88
    INT    偏移，并进入状态 60
    FLOAT  偏移，并进入状态 61
    ID     偏移，并进入状态 62
    MINUS  偏移，并进入状态 63
    NOT    偏移，并进入状态 64
    LP     偏移，并进入状态 65

    Exp  转到状态 89


状态 67

   36 Stmt: IF • LP Exp RP Stmt
   37     | IF • LP Exp RP Stmt ELSE Stmt
   39     | IF • error Exp RP Stmt
   40     | IF • LP error RP Stmt
   41     | IF • LP Exp error Stmt

    error  偏移，并进入状态 90
    LP     偏移，并进入状态 91


状态 68

   38 Stmt: WHILE • LP Exp RP Stmt
   42     | WHILE • error Exp RP Stmt
   43     | WHILE • LP error RP Stmt
   44     | WHILE • LP Exp error Stmt

    error  偏移，并进入状态 92
    LP     偏移，并进入状态 93


状态 69

   34 Stmt: CompSt •

    $default  使用规则 34 以归约 (Stmt)


状态 70

   30 CompSt: LC DefList StmtList • RC

    RC  偏移，并进入状态 94


状态 71

   31 StmtList: Stmt • StmtList

    error   偏移，并进入状态 59
    INT     偏移，并进入状态 60
    FLOAT   偏移，并进入状态 61
    ID      偏移，并进入状态 62
    MINUS   偏移，并进入状态 63
    NOT     偏移，并进入状态 64
    LP      偏移，并进入状态 65
    LC      偏移，并进入状态 30
    RETURN  偏移，并进入状态 66
    IF      偏移，并进入状态 67
    WHILE   偏移，并进入状态 68

    RC  使用规则 32 以归约 (StmtList)

    CompSt    转到状态 69
    StmtList  转到状态 95
    Stmt      转到状态 71
    Exp       转到状态 72


状态 72

   33 Stmt: Exp • SEMI
   46     | Exp • error SEMI
   47     | Exp • error
   62 Exp: Exp • LB Exp RB
   63    | Exp • DOT ID
   66    | Exp • STAR Exp
   67    | Exp • DIV Exp
   68    | Exp • PLUS Exp
   69    | Exp • MINUS Exp
   70    | Exp • RELOP Exp
   71    | Exp • AND Exp
   72    | Exp • OR Exp
   73    | Exp • ASSIGNOP Exp
   79    | Exp • LB error RB
   82    | Exp • STAR error
   83    | Exp • DIV error
   84    | Exp • PLUS error
   85    | Exp • MINUS error
   86    | Exp • RELOP error
   87    | Exp • AND error
   88    | Exp • OR error
   89    | Exp • ASSIGNOP error

    error     偏移，并进入状态 96
    SEMI      偏移，并进入状态 97
    ASSIGNOP  偏移，并进入状态 98
    RELOP     偏移，并进入状态 99
    PLUS      偏移，并进入状态 100
    MINUS     偏移，并进入状态 101
    STAR      偏移，并进入状态 102
    DIV       偏移，并进入状态 103
    AND       偏移，并进入状态 104
    OR        偏移，并进入状态 105
    DOT       偏移，并进入状态 106
    LB        偏移，并进入状态 107


状态 73

   53 Def: Specifier error SEMI •

    $default  使用规则 53 以归约 (Def)


状态 74

   58 Dec: VarDec ASSIGNOP • Exp

    INT    偏移，并进入状态 60
    FLOAT  偏移，并进入状态 61
    ID     偏移，并进入状态 62
    MINUS  偏移，并进入状态 63
    NOT    偏移，并进入状态 64
    LP     偏移，并进入状态 65

    Exp  转到状态 108


状态 75

   54 Def: Specifier DecList error •

    $default  使用规则 54 以归约 (Def)


状态 76

   52 Def: Specifier DecList SEMI •

    $default  使用规则 52 以归约 (Def)


状态 77

   56 DecList: Dec COMMA • DecList

    ID  偏移，并进入状态 41

    VarDec   转到状态 47
    DecList  转到状态 109
    Dec      转到状态 49


状态 78

   27 VarList: ParamDec COMMA VarList •

    $default  使用规则 27 以归约 (VarList)


状态 79

   22 VarDec: VarDec LB INT RB error •

    $default  使用规则 22 以归约 (VarDec)


状态 80

   45 Stmt: error SEMI •

    $default  使用规则 45 以归约 (Stmt)


状态 81

   60 Exp: ID LP • Args RP
   61    | ID LP • RP
   78    | ID LP • error RP

    error  偏移，并进入状态 110
    INT    偏移，并进入状态 60
    FLOAT  偏移，并进入状态 61
    ID     偏移，并进入状态 62
    MINUS  偏移，并进入状态 63
    NOT    偏移，并进入状态 64
    LP     偏移，并进入状态 65
    RP     偏移，并进入状态 111

    Exp   转到状态 112
    Args  转到状态 113


状态 82

   80 Exp: MINUS error •

    $default  使用规则 80 以归约 (Exp)


状态 83

   62 Exp: Exp • LB Exp RB
   63    | Exp • DOT ID
   64    | MINUS Exp •
   66    | Exp • STAR Exp
   67    | Exp • DIV Exp
   68    | Exp • PLUS Exp
   69    | Exp • MINUS Exp
   70    | Exp • RELOP Exp
   71    | Exp • AND Exp
   72    | Exp • OR Exp
   73    | Exp • ASSIGNOP Exp
   79    | Exp • LB error RB
   82    | Exp • STAR error
   83    | Exp • DIV error
   84    | Exp • PLUS error
   85    | Exp • MINUS error
   86    | Exp • RELOP error
   87    | Exp • AND error
   88    | Exp • OR error
   89    | Exp • ASSIGNOP error

    STAR  偏移，并进入状态 102
    DIV   偏移，并进入状态 103
    DOT   偏移，并进入状态 106
    LB    偏移，并进入状态 107

    $default  使用规则 64 以归约 (Exp)


状态 84

   81 Exp: NOT error •

    $default  使用规则 81 以归约 (Exp)


状态 85

   62 Exp: Exp • LB Exp RB
   63    | Exp • DOT ID
   65    | NOT Exp •
   66    | Exp • STAR Exp
   67    | Exp • DIV Exp
   68    | Exp • PLUS Exp
   69    | Exp • MINUS Exp
   70    | Exp • RELOP Exp
   71    | Exp • AND Exp
   72    | Exp • OR Exp
   73    | Exp • ASSIGNOP Exp
   79    | Exp • LB error RB
   82    | Exp • STAR error
   83    | Exp • DIV error
   84    | Exp • PLUS error
   85    | Exp • MINUS error
   86    | Exp • RELOP error
   87    | Exp • AND error
   88    | Exp • OR error
   89    | Exp • ASSIGNOP error

    DOT  偏移，并进入状态 106
    LB   偏移，并进入状态 107

    $default  使用规则 65 以归约 (Exp)


状态 86

   77 Exp: LP error • RP

    RP  偏移，并进入状态 114


状态 87

   59 Exp: LP Exp • RP
   62    | Exp • LB Exp RB
   63    | Exp • DOT ID
   66    | Exp • STAR Exp
   67    | Exp • DIV Exp
   68    | Exp • PLUS Exp
   69    | Exp • MINUS Exp
   70    | Exp • RELOP Exp
   71    | Exp • AND Exp
   72    | Exp • OR Exp
   73    | Exp • ASSIGNOP Exp
   79    | Exp • LB error RB
   82    | Exp • STAR error
   83    | Exp • DIV error
   84    | Exp • PLUS error
   85    | Exp • MINUS error
   86    | Exp • RELOP error
   87    | Exp • AND error
   88    | Exp • OR error
   89    | Exp • ASSIGNOP error

    ASSIGNOP  偏移，并进入状态 98
    RELOP     偏移，并进入状态 99
    PLUS      偏移，并进入状态 100
    MINUS     偏移，并进入状态 101
    STAR      偏移，并进入状态 102
    DIV       偏移，并进入状态 103
    AND       偏移，并进入状态 104
    OR        偏移，并进入状态 105
    DOT       偏移，并进入状态 106
    RP        偏移，并进入状态 115
    LB        偏移，并进入状态 107


状态 88

   48 Stmt: RETURN error • SEMI

    SEMI  偏移，并进入状态 116


状态 89

   35 Stmt: RETURN Exp • SEMI
   49     | RETURN Exp • error
   62 Exp: Exp • LB Exp RB
   63    | Exp • DOT ID
   66    | Exp • STAR Exp
   67    | Exp • DIV Exp
   68    | Exp • PLUS Exp
   69    | Exp • MINUS Exp
   70    | Exp • RELOP Exp
   71    | Exp • AND Exp
   72    | Exp • OR Exp
   73    | Exp • ASSIGNOP Exp
   79    | Exp • LB error RB
   82    | Exp • STAR error
   83    | Exp • DIV error
   84    | Exp • PLUS error
   85    | Exp • MINUS error
   86    | Exp • RELOP error
   87    | Exp • AND error
   88    | Exp • OR error
   89    | Exp • ASSIGNOP error

    error     偏移，并进入状态 117
    SEMI      偏移，并进入状态 118
    ASSIGNOP  偏移，并进入状态 98
    RELOP     偏移，并进入状态 99
    PLUS      偏移，并进入状态 100
    MINUS     偏移，并进入状态 101
    STAR      偏移，并进入状态 102
    DIV       偏移，并进入状态 103
    AND       偏移，并进入状态 104
    OR        偏移，并进入状态 105
    DOT       偏移，并进入状态 106
    LB        偏移，并进入状态 107


状态 90

   39 Stmt: IF error • Exp RP Stmt

    INT    偏移，并进入状态 60
    FLOAT  偏移，并进入状态 61
    ID     偏移，并进入状态 62
    MINUS  偏移，并进入状态 63
    NOT    偏移，并进入状态 64
    LP     偏移，并进入状态 65

    Exp  转到状态 119


状态 91

   36 Stmt: IF LP • Exp RP Stmt
   37     | IF LP • Exp RP Stmt ELSE Stmt
   40     | IF LP • error RP Stmt
   41     | IF LP • Exp error Stmt

    error  偏移，并进入状态 120
    INT    偏移，并进入状态 60
    FLOAT  偏移，并进入状态 61
    ID     偏移，并进入状态 62
    MINUS  偏移，并进入状态 63
    NOT    偏移，并进入状态 64
    LP     偏移，并进入状态 65

    Exp  转到状态 121


状态 92

   42 Stmt: WHILE error • Exp RP Stmt

    INT    偏移，并进入状态 60
    FLOAT  偏移，并进入状态 61
    ID     偏移，并进入状态 62
    MINUS  偏移，并进入状态 63
    NOT    偏移，并进入状态 64
    LP     偏移，并进入状态 65

    Exp  转到状态 122


状态 93

   38 Stmt: WHILE LP • Exp RP Stmt
   43     | WHILE LP • error RP Stmt
   44     | WHILE LP • Exp error Stmt

    error  偏移，并进入状态 123
    INT    偏移，并进入状态 60
    FLOAT  偏移，并进入状态 61
    ID     偏移，并进入状态 62
    MINUS  偏移，并进入状态 63
    NOT    偏移，并进入状态 64
    LP     偏移，并进入状态 65

    Exp  转到状态 124


状态 94

   30 CompSt: LC DefList StmtList RC •

    $default  使用规则 30 以归约 (CompSt)


状态 95

   31 StmtList: Stmt StmtList •

    $default  使用规则 31 以归约 (StmtList)


状态 96

   46 Stmt: Exp error • SEMI
   47     | Exp error •

    SEMI  偏移，并进入状态 125

    $default  使用规则 47 以归约 (Stmt)


状态 97

   33 Stmt: Exp SEMI •

    $default  使用规则 33 以归约 (Stmt)


状态 98

   73 Exp: Exp ASSIGNOP • Exp
   89    | Exp ASSIGNOP • error

    error  偏移，并进入状态 126
    INT    偏移，并进入状态 60
    FLOAT  偏移，并进入状态 61
    ID     偏移，并进入状态 62
    MINUS  偏移，并进入状态 63
    NOT    偏移，并进入状态 64
    LP     偏移，并进入状态 65

    Exp  转到状态 127


状态 99

   70 Exp: Exp RELOP • Exp
   86    | Exp RELOP • error

    error  偏移，并进入状态 128
    INT    偏移，并进入状态 60
    FLOAT  偏移，并进入状态 61
    ID     偏移，并进入状态 62
    MINUS  偏移，并进入状态 63
    NOT    偏移，并进入状态 64
    LP     偏移，并进入状态 65

    Exp  转到状态 129


状态 100

   68 Exp: Exp PLUS • Exp
   84    | Exp PLUS • error

    error  偏移，并进入状态 130
    INT    偏移，并进入状态 60
    FLOAT  偏移，并进入状态 61
    ID     偏移，并进入状态 62
    MINUS  偏移，并进入状态 63
    NOT    偏移，并进入状态 64
    LP     偏移，并进入状态 65

    Exp  转到状态 131


状态 101

   69 Exp: Exp MINUS • Exp
   85    | Exp MINUS • error

    error  偏移，并进入状态 132
    INT    偏移，并进入状态 60
    FLOAT  偏移，并进入状态 61
    ID     偏移，并进入状态 62
    MINUS  偏移，并进入状态 63
    NOT    偏移，并进入状态 64
    LP     偏移，并进入状态 65

    Exp  转到状态 133


状态 102

   66 Exp: Exp STAR • Exp
   82    | Exp STAR • error

    error  偏移，并进入状态 134
    INT    偏移，并进入状态 60
    FLOAT  偏移，并进入状态 61
    ID     偏移，并进入状态 62
    MINUS  偏移，并进入状态 63
    NOT    偏移，并进入状态 64
    LP     偏移，并进入状态 65

    Exp  转到状态 135


状态 103

   67 Exp: Exp DIV • Exp
   83    | Exp DIV • error

    error  偏移，并进入状态 136
    INT    偏移，并进入状态 60
    FLOAT  偏移，并进入状态 61
    ID     偏移，并进入状态 62
    MINUS  偏移，并进入状态 63
    NOT    偏移，并进入状态 64
    LP     偏移，并进入状态 65

    Exp  转到状态 137


状态 104

   71 Exp: Exp AND • Exp
   87    | Exp AND • error

    error  偏移，并进入状态 138
    INT    偏移，并进入状态 60
    FLOAT  偏移，并进入状态 61
    ID     偏移，并进入状态 62
    MINUS  偏移，并进入状态 63
    NOT    偏移，并进入状态 64
    LP     偏移，并进入状态 65

    Exp  转到状态 139


状态 105

   72 Exp: Exp OR • Exp
   88    | Exp OR • error

    error  偏移，并进入状态 140
    INT    偏移，并进入状态 60
    FLOAT  偏移，并进入状态 61
    ID     偏移，并进入状态 62
    MINUS  偏移，并进入状态 63
    NOT    偏移，并进入状态 64
    LP     偏移，并进入状态 65

    Exp  转到状态 141


状态 106

   63 Exp: Exp DOT • ID

    ID  偏移，并进入状态 142


状态 107

   62 Exp: Exp LB • Exp RB
   79    | Exp LB • error RB

    error  偏移，并进入状态 143
    INT    偏移，并进入状态 60
    FLOAT  偏移，并进入状态 61
    ID     偏移，并进入状态 62
    MINUS  偏移，并进入状态 63
    NOT    偏移，并进入状态 64
    LP     偏移，并进入状态 65

    Exp  转到状态 144


状态 108

   58 Dec: VarDec ASSIGNOP Exp •
   62 Exp: Exp • LB Exp RB
   63    | Exp • DOT ID
   66    | Exp • STAR Exp
   67    | Exp • DIV Exp
   68    | Exp • PLUS Exp
   69    | Exp • MINUS Exp
   70    | Exp • RELOP Exp
   71    | Exp • AND Exp
   72    | Exp • OR Exp
   73    | Exp • ASSIGNOP Exp
   79    | Exp • LB error RB
   82    | Exp • STAR error
   83    | Exp • DIV error
   84    | Exp • PLUS error
   85    | Exp • MINUS error
   86    | Exp • RELOP error
   87    | Exp • AND error
   88    | Exp • OR error
   89    | Exp • ASSIGNOP error

    ASSIGNOP  偏移，并进入状态 98
    RELOP     偏移，并进入状态 99
    PLUS      偏移，并进入状态 100
    MINUS     偏移，并进入状态 101
    STAR      偏移，并进入状态 102
    DIV       偏移，并进入状态 103
    AND       偏移，并进入状态 104
    OR        偏移，并进入状态 105
    DOT       偏移，并进入状态 106
    LB        偏移，并进入状态 107

    $default  使用规则 58 以归约 (Dec)


状态 109

   56 DecList: Dec COMMA DecList •

    $default  使用规则 56 以归约 (DecList)


状态 110

   78 Exp: ID LP error • RP

    RP  偏移，并进入状态 145


状态 111

   61 Exp: ID LP RP •

    $default  使用规则 61 以归约 (Exp)


状态 112

   62 Exp: Exp • LB Exp RB
   63    | Exp • DOT ID
   66    | Exp • STAR Exp
   67    | Exp • DIV Exp
   68    | Exp • PLUS Exp
   69    | Exp • MINUS Exp
   70    | Exp • RELOP Exp
   71    | Exp • AND Exp
   72    | Exp • OR Exp
   73    | Exp • ASSIGNOP Exp
   79    | Exp • LB error RB
   82    | Exp • STAR error
   83    | Exp • DIV error
   84    | Exp • PLUS error
   85    | Exp • MINUS error
   86    | Exp • RELOP error
   87    | Exp • AND error
   88    | Exp • OR error
   89    | Exp • ASSIGNOP error
   90 Args: Exp • COMMA Args
   91     | Exp •

    COMMA     偏移，并进入状态 146
    ASSIGNOP  偏移，并进入状态 98
    RELOP     偏移，并进入状态 99
    PLUS      偏移，并进入状态 100
    MINUS     偏移，并进入状态 101
    STAR      偏移，并进入状态 102
    DIV       偏移，并进入状态 103
    AND       偏移，并进入状态 104
    OR        偏移，并进入状态 105
    DOT       偏移，并进入状态 106
    LB        偏移，并进入状态 107

    $default  使用规则 91 以归约 (Args)


状态 113

   60 Exp: ID LP Args • RP

    RP  偏移，并进入状态 147


状态 114

   77 Exp: LP error RP •

    $default  使用规则 77 以归约 (Exp)


状态 115

   59 Exp: LP Exp RP •

    $default  使用规则 59 以归约 (Exp)


状态 116

   48 Stmt: RETURN error SEMI •

    $default  使用规则 48 以归约 (Stmt)


状态 117

   49 Stmt: RETURN Exp error •

    $default  使用规则 49 以归约 (Stmt)


状态 118

   35 Stmt: RETURN Exp SEMI •

    $default  使用规则 35 以归约 (Stmt)


状态 119

   39 Stmt: IF error Exp • RP Stmt
   62 Exp: Exp • LB Exp RB
   63    | Exp • DOT ID
   66    | Exp • STAR Exp
   67    | Exp • DIV Exp
   68    | Exp • PLUS Exp
   69    | Exp • MINUS Exp
   70    | Exp • RELOP Exp
   71    | Exp • AND Exp
   72    | Exp • OR Exp
   73    | Exp • ASSIGNOP Exp
   79    | Exp • LB error RB
   82    | Exp • STAR error
   83    | Exp • DIV error
   84    | Exp • PLUS error
   85    | Exp • MINUS error
   86    | Exp • RELOP error
   87    | Exp • AND error
   88    | Exp • OR error
   89    | Exp • ASSIGNOP error

    ASSIGNOP  偏移，并进入状态 98
    RELOP     偏移，并进入状态 99
    PLUS      偏移，并进入状态 100
    MINUS     偏移，并进入状态 101
    STAR      偏移，并进入状态 102
    DIV       偏移，并进入状态 103
    AND       偏移，并进入状态 104
    OR        偏移，并进入状态 105
    DOT       偏移，并进入状态 106
    RP        偏移，并进入状态 148
    LB        偏移，并进入状态 107


状态 120

   40 Stmt: IF LP error • RP Stmt

    RP  偏移，并进入状态 149


状态 121

   36 Stmt: IF LP Exp • RP Stmt
   37     | IF LP Exp • RP Stmt ELSE Stmt
   41     | IF LP Exp • error Stmt
   62 Exp: Exp • LB Exp RB
   63    | Exp • DOT ID
   66    | Exp • STAR Exp
   67    | Exp • DIV Exp
   68    | Exp • PLUS Exp
   69    | Exp • MINUS Exp
   70    | Exp • RELOP Exp
   71    | Exp • AND Exp
   72    | Exp • OR Exp
   73    | Exp • ASSIGNOP Exp
   79    | Exp • LB error RB
   82    | Exp • STAR error
   83    | Exp • DIV error
   84    | Exp • PLUS error
   85    | Exp • MINUS error
   86    | Exp • RELOP error
   87    | Exp • AND error
   88    | Exp • OR error
   89    | Exp • ASSIGNOP error

    error     偏移，并进入状态 150
    ASSIGNOP  偏移，并进入状态 98
    RELOP     偏移，并进入状态 99
    PLUS      偏移，并进入状态 100
    MINUS     偏移，并进入状态 101
    STAR      偏移，并进入状态 102
    DIV       偏移，并进入状态 103
    AND       偏移，并进入状态 104
    OR        偏移，并进入状态 105
    DOT       偏移，并进入状态 106
    RP        偏移，并进入状态 151
    LB        偏移，并进入状态 107


状态 122

   42 Stmt: WHILE error Exp • RP Stmt
   62 Exp: Exp • LB Exp RB
   63    | Exp • DOT ID
   66    | Exp • STAR Exp
   67    | Exp • DIV Exp
   68    | Exp • PLUS Exp
   69    | Exp • MINUS Exp
   70    | Exp • RELOP Exp
   71    | Exp • AND Exp
   72    | Exp • OR Exp
   73    | Exp • ASSIGNOP Exp
   79    | Exp • LB error RB
   82    | Exp • STAR error
   83    | Exp • DIV error
   84    | Exp • PLUS error
   85    | Exp • MINUS error
   86    | Exp • RELOP error
   87    | Exp • AND error
   88    | Exp • OR error
   89    | Exp • ASSIGNOP error

    ASSIGNOP  偏移，并进入状态 98
    RELOP     偏移，并进入状态 99
    PLUS      偏移，并进入状态 100
    MINUS     偏移，并进入状态 101
    STAR      偏移，并进入状态 102
    DIV       偏移，并进入状态 103
    AND       偏移，并进入状态 104
    OR        偏移，并进入状态 105
    DOT       偏移，并进入状态 106
    RP        偏移，并进入状态 152
    LB        偏移，并进入状态 107


状态 123

   43 Stmt: WHILE LP error • RP Stmt

    RP  偏移，并进入状态 153


状态 124

   38 Stmt: WHILE LP Exp • RP Stmt
   44     | WHILE LP Exp • error Stmt
   62 Exp: Exp • LB Exp RB
   63    | Exp • DOT ID
   66    | Exp • STAR Exp
   67    | Exp • DIV Exp
   68    | Exp • PLUS Exp
   69    | Exp • MINUS Exp
   70    | Exp • RELOP Exp
   71    | Exp • AND Exp
   72    | Exp • OR Exp
   73    | Exp • ASSIGNOP Exp
   79    | Exp • LB error RB
   82    | Exp • STAR error
   83    | Exp • DIV error
   84    | Exp • PLUS error
   85    | Exp • MINUS error
   86    | Exp • RELOP error
   87    | Exp • AND error
   88    | Exp • OR error
   89    | Exp • ASSIGNOP error

    error     偏移，并进入状态 154
    ASSIGNOP  偏移，并进入状态 98
    RELOP     偏移，并进入状态 99
    PLUS      偏移，并进入状态 100
    MINUS     偏移，并进入状态 101
    STAR      偏移，并进入状态 102
    DIV       偏移，并进入状态 103
    AND       偏移，并进入状态 104
    OR        偏移，并进入状态 105
    DOT       偏移，并进入状态 106
    RP        偏移，并进入状态 155
    LB        偏移，并进入状态 107


状态 125

   46 Stmt: Exp error SEMI •

    $default  使用规则 46 以归约 (Stmt)


状态 126

   89 Exp: Exp ASSIGNOP error •

    $default  使用规则 89 以归约 (Exp)


状态 127

   62 Exp: Exp • LB Exp RB
   63    | Exp • DOT ID
   66    | Exp • STAR Exp
   67    | Exp • DIV Exp
   68    | Exp • PLUS Exp
   69    | Exp • MINUS Exp
   70    | Exp • RELOP Exp
   71    | Exp • AND Exp
   72    | Exp • OR Exp
   73    | Exp • ASSIGNOP Exp
   73    | Exp ASSIGNOP Exp •
   79    | Exp • LB error RB
   82    | Exp • STAR error
   83    | Exp • DIV error
   84    | Exp • PLUS error
   85    | Exp • MINUS error
   86    | Exp • RELOP error
   87    | Exp • AND error
   88    | Exp • OR error
   89    | Exp • ASSIGNOP error

    ASSIGNOP  偏移，并进入状态 98
    RELOP     偏移，并进入状态 99
    PLUS      偏移，并进入状态 100
    MINUS     偏移，并进入状态 101
    STAR      偏移，并进入状态 102
    DIV       偏移，并进入状态 103
    AND       偏移，并进入状态 104
    OR        偏移，并进入状态 105
    DOT       偏移，并进入状态 106
    LB        偏移，并进入状态 107

    $default  使用规则 73 以归约 (Exp)


状态 128

   86 Exp: Exp RELOP error •

    $default  使用规则 86 以归约 (Exp)


状态 129

   62 Exp: Exp • LB Exp RB
   63    | Exp • DOT ID
   66    | Exp • STAR Exp
   67    | Exp • DIV Exp
   68    | Exp • PLUS Exp
   69    | Exp • MINUS Exp
   70    | Exp • RELOP Exp
   70    | Exp RELOP Exp •
   71    | Exp • AND Exp
   72    | Exp • OR Exp
   73    | Exp • ASSIGNOP Exp
   79    | Exp • LB error RB
   82    | Exp • STAR error
   83    | Exp • DIV error
   84    | Exp • PLUS error
   85    | Exp • MINUS error
   86    | Exp • RELOP error
   87    | Exp • AND error
   88    | Exp • OR error
   89    | Exp • ASSIGNOP error

    PLUS   偏移，并进入状态 100
    MINUS  偏移，并进入状态 101
    STAR   偏移，并进入状态 102
    DIV    偏移，并进入状态 103
    DOT    偏移，并进入状态 106
    LB     偏移，并进入状态 107

    $default  使用规则 70 以归约 (Exp)


状态 130

   84 Exp: Exp PLUS error •

    $default  使用规则 84 以归约 (Exp)


状态 131

   62 Exp: Exp • LB Exp RB
   63    | Exp • DOT ID
   66    | Exp • STAR Exp
   67    | Exp • DIV Exp
   68    | Exp • PLUS Exp
   68    | Exp PLUS Exp •
   69    | Exp • MINUS Exp
   70    | Exp • RELOP Exp
   71    | Exp • AND Exp
   72    | Exp • OR Exp
   73    | Exp • ASSIGNOP Exp
   79    | Exp • LB error RB
   82    | Exp • STAR error
   83    | Exp • DIV error
   84    | Exp • PLUS error
   85    | Exp • MINUS error
   86    | Exp • RELOP error
   87    | Exp • AND error
   88    | Exp • OR error
   89    | Exp • ASSIGNOP error

    STAR  偏移，并进入状态 102
    DIV   偏移，并进入状态 103
    DOT   偏移，并进入状态 106
    LB    偏移，并进入状态 107

    $default  使用规则 68 以归约 (Exp)


状态 132

   85 Exp: Exp MINUS error •

    $default  使用规则 85 以归约 (Exp)


状态 133

   62 Exp: Exp • LB Exp RB
   63    | Exp • DOT ID
   66    | Exp • STAR Exp
   67    | Exp • DIV Exp
   68    | Exp • PLUS Exp
   69    | Exp • MINUS Exp
   69    | Exp MINUS Exp •
   70    | Exp • RELOP Exp
   71    | Exp • AND Exp
   72    | Exp • OR Exp
   73    | Exp • ASSIGNOP Exp
   79    | Exp • LB error RB
   82    | Exp • STAR error
   83    | Exp • DIV error
   84    | Exp • PLUS error
   85    | Exp • MINUS error
   86    | Exp • RELOP error
   87    | Exp • AND error
   88    | Exp • OR error
   89    | Exp • ASSIGNOP error

    STAR  偏移，并进入状态 102
    DIV   偏移，并进入状态 103
    DOT   偏移，并进入状态 106
    LB    偏移，并进入状态 107

    $default  使用规则 69 以归约 (Exp)


状态 134

   82 Exp: Exp STAR error •

    $default  使用规则 82 以归约 (Exp)


状态 135

   62 Exp: Exp • LB Exp RB
   63    | Exp • DOT ID
   66    | Exp • STAR Exp
   66    | Exp STAR Exp •
   67    | Exp • DIV Exp
   68    | Exp • PLUS Exp
   69    | Exp • MINUS Exp
   70    | Exp • RELOP Exp
   71    | Exp • AND Exp
   72    | Exp • OR Exp
   73    | Exp • ASSIGNOP Exp
   79    | Exp • LB error RB
   82    | Exp • STAR error
   83    | Exp • DIV error
   84    | Exp • PLUS error
   85    | Exp • MINUS error
   86    | Exp • RELOP error
   87    | Exp • AND error
   88    | Exp • OR error
   89    | Exp • ASSIGNOP error

    DOT  偏移，并进入状态 106
    LB   偏移，并进入状态 107

    $default  使用规则 66 以归约 (Exp)


状态 136

   83 Exp: Exp DIV error •

    $default  使用规则 83 以归约 (Exp)


状态 137

   62 Exp: Exp • LB Exp RB
   63    | Exp • DOT ID
   66    | Exp • STAR Exp
   67    | Exp • DIV Exp
   67    | Exp DIV Exp •
   68    | Exp • PLUS Exp
   69    | Exp • MINUS Exp
   70    | Exp • RELOP Exp
   71    | Exp • AND Exp
   72    | Exp • OR Exp
   73    | Exp • ASSIGNOP Exp
   79    | Exp • LB error RB
   82    | Exp • STAR error
   83    | Exp • DIV error
   84    | Exp • PLUS error
   85    | Exp • MINUS error
   86    | Exp • RELOP error
   87    | Exp • AND error
   88    | Exp • OR error
   89    | Exp • ASSIGNOP error

    DOT  偏移，并进入状态 106
    LB   偏移，并进入状态 107

    $default  使用规则 67 以归约 (Exp)


状态 138

   87 Exp: Exp AND error •

    $default  使用规则 87 以归约 (Exp)


状态 139

   62 Exp: Exp • LB Exp RB
   63    | Exp • DOT ID
   66    | Exp • STAR Exp
   67    | Exp • DIV Exp
   68    | Exp • PLUS Exp
   69    | Exp • MINUS Exp
   70    | Exp • RELOP Exp
   71    | Exp • AND Exp
   71    | Exp AND Exp •
   72    | Exp • OR Exp
   73    | Exp • ASSIGNOP Exp
   79    | Exp • LB error RB
   82    | Exp • STAR error
   83    | Exp • DIV error
   84    | Exp • PLUS error
   85    | Exp • MINUS error
   86    | Exp • RELOP error
   87    | Exp • AND error
   88    | Exp • OR error
   89    | Exp • ASSIGNOP error

    RELOP  偏移，并进入状态 99
    PLUS   偏移，并进入状态 100
    MINUS  偏移，并进入状态 101
    STAR   偏移，并进入状态 102
    DIV    偏移，并进入状态 103
    DOT    偏移，并进入状态 106
    LB     偏移，并进入状态 107

    $default  使用规则 71 以归约 (Exp)


状态 140

   88 Exp: Exp OR error •

    $default  使用规则 88 以归约 (Exp)


状态 141

   62 Exp: Exp • LB Exp RB
   63    | Exp • DOT ID
   66    | Exp • STAR Exp
   67    | Exp • DIV Exp
   68    | Exp • PLUS Exp
   69    | Exp • MINUS Exp
   70    | Exp • RELOP Exp
   71    | Exp • AND Exp
   72    | Exp • OR Exp
   72    | Exp OR Exp •
   73    | Exp • ASSIGNOP Exp
   79    | Exp • LB error RB
   82    | Exp • STAR error
   83    | Exp • DIV error
   84    | Exp • PLUS error
   85    | Exp • MINUS error
   86    | Exp • RELOP error
   87    | Exp • AND error
   88    | Exp • OR error
   89    | Exp • ASSIGNOP error

    RELOP  偏移，并进入状态 99
    PLUS   偏移，并进入状态 100
    MINUS  偏移，并进入状态 101
    STAR   偏移，并进入状态 102
    DIV    偏移，并进入状态 103
    AND    偏移，并进入状态 104
    DOT    偏移，并进入状态 106
    LB     偏移，并进入状态 107

    $default  使用规则 72 以归约 (Exp)


状态 142

   63 Exp: Exp DOT ID •

    $default  使用规则 63 以归约 (Exp)


状态 143

   79 Exp: Exp LB error • RB

    RB  偏移，并进入状态 156


状态 144

   62 Exp: Exp • LB Exp RB
   62    | Exp LB Exp • RB
   63    | Exp • DOT ID
   66    | Exp • STAR Exp
   67    | Exp • DIV Exp
   68    | Exp • PLUS Exp
   69    | Exp • MINUS Exp
   70    | Exp • RELOP Exp
   71    | Exp • AND Exp
   72    | Exp • OR Exp
   73    | Exp • ASSIGNOP Exp
   79    | Exp • LB error RB
   82    | Exp • STAR error
   83    | Exp • DIV error
   84    | Exp • PLUS error
   85    | Exp • MINUS error
   86    | Exp • RELOP error
   87    | Exp • AND error
   88    | Exp • OR error
   89    | Exp • ASSIGNOP error

    ASSIGNOP  偏移，并进入状态 98
    RELOP     偏移，并进入状态 99
    PLUS      偏移，并进入状态 100
    MINUS     偏移，并进入状态 101
    STAR      偏移，并进入状态 102
    DIV       偏移，并进入状态 103
    AND       偏移，并进入状态 104
    OR        偏移，并进入状态 105
    DOT       偏移，并进入状态 106
    LB        偏移，并进入状态 107
    RB        偏移，并进入状态 157


状态 145

   78 Exp: ID LP error RP •

    $default  使用规则 78 以归约 (Exp)


状态 146

   90 Args: Exp COMMA • Args

    INT    偏移，并进入状态 60
    FLOAT  偏移，并进入状态 61
    ID     偏移，并进入状态 62
    MINUS  偏移，并进入状态 63
    NOT    偏移，并进入状态 64
    LP     偏移，并进入状态 65

    Exp   转到状态 112
    Args  转到状态 158


状态 147

   60 Exp: ID LP Args RP •

    $default  使用规则 60 以归约 (Exp)


状态 148

   39 Stmt: IF error Exp RP • Stmt

    error   偏移，并进入状态 59
    INT     偏移，并进入状态 60
    FLOAT   偏移，并进入状态 61
    ID      偏移，并进入状态 62
    MINUS   偏移，并进入状态 63
    NOT     偏移，并进入状态 64
    LP      偏移，并进入状态 65
    LC      偏移，并进入状态 30
    RETURN  偏移，并进入状态 66
    IF      偏移，并进入状态 67
    WHILE   偏移，并进入状态 68

    CompSt  转到状态 69
    Stmt    转到状态 159
    Exp     转到状态 72


状态 149

   40 Stmt: IF LP error RP • Stmt

    error   偏移，并进入状态 59
    INT     偏移，并进入状态 60
    FLOAT   偏移，并进入状态 61
    ID      偏移，并进入状态 62
    MINUS   偏移，并进入状态 63
    NOT     偏移，并进入状态 64
    LP      偏移，并进入状态 65
    LC      偏移，并进入状态 30
    RETURN  偏移，并进入状态 66
    IF      偏移，并进入状态 67
    WHILE   偏移，并进入状态 68

    CompSt  转到状态 69
    Stmt    转到状态 160
    Exp     转到状态 72


状态 150

   41 Stmt: IF LP Exp error • Stmt

    error   偏移，并进入状态 59
    INT     偏移，并进入状态 60
    FLOAT   偏移，并进入状态 61
    ID      偏移，并进入状态 62
    MINUS   偏移，并进入状态 63
    NOT     偏移，并进入状态 64
    LP      偏移，并进入状态 65
    LC      偏移，并进入状态 30
    RETURN  偏移，并进入状态 66
    IF      偏移，并进入状态 67
    WHILE   偏移，并进入状态 68

    CompSt  转到状态 69
    Stmt    转到状态 161
    Exp     转到状态 72


状态 151

   36 Stmt: IF LP Exp RP • Stmt
   37     | IF LP Exp RP • Stmt ELSE Stmt

    error   偏移，并进入状态 59
    INT     偏移，并进入状态 60
    FLOAT   偏移，并进入状态 61
    ID      偏移，并进入状态 62
    MINUS   偏移，并进入状态 63
    NOT     偏移，并进入状态 64
    LP      偏移，并进入状态 65
    LC      偏移，并进入状态 30
    RETURN  偏移，并进入状态 66
    IF      偏移，并进入状态 67
    WHILE   偏移，并进入状态 68

    CompSt  转到状态 69
    Stmt    转到状态 162
    Exp     转到状态 72


状态 152

   42 Stmt: WHILE error Exp RP • Stmt

    error   偏移，并进入状态 59
    INT     偏移，并进入状态 60
    FLOAT   偏移，并进入状态 61
    ID      偏移，并进入状态 62
    MINUS   偏移，并进入状态 63
    NOT     偏移，并进入状态 64
    LP      偏移，并进入状态 65
    LC      偏移，并进入状态 30
    RETURN  偏移，并进入状态 66
    IF      偏移，并进入状态 67
    WHILE   偏移，并进入状态 68

    CompSt  转到状态 69
    Stmt    转到状态 163
    Exp     转到状态 72


状态 153

   43 Stmt: WHILE LP error RP • Stmt

    error   偏移，并进入状态 59
    INT     偏移，并进入状态 60
    FLOAT   偏移，并进入状态 61
    ID      偏移，并进入状态 62
    MINUS   偏移，并进入状态 63
    NOT     偏移，并进入状态 64
    LP      偏移，并进入状态 65
    LC      偏移，并进入状态 30
    RETURN  偏移，并进入状态 66
    IF      偏移，并进入状态 67
    WHILE   偏移，并进入状态 68

    CompSt  转到状态 69
    Stmt    转到状态 164
    Exp     转到状态 72


状态 154

   44 Stmt: WHILE LP Exp error • Stmt

    error   偏移，并进入状态 59
    INT     偏移，并进入状态 60
    FLOAT   偏移，并进入状态 61
    ID      偏移，并进入状态 62
    MINUS   偏移，并进入状态 63
    NOT     偏移，并进入状态 64
    LP      偏移，并进入状态 65
    LC      偏移，并进入状态 30
    RETURN  偏移，并进入状态 66
    IF      偏移，并进入状态 67
    WHILE   偏移，并进入状态 68

    CompSt  转到状态 69
    Stmt    转到状态 165
    Exp     转到状态 72


状态 155

   38 Stmt: WHILE LP Exp RP • Stmt

    error   偏移，并进入状态 59
    INT     偏移，并进入状态 60
    FLOAT   偏移，并进入状态 61
    ID      偏移，并进入状态 62
    MINUS   偏移，并进入状态 63
    NOT     偏移，并进入状态 64
    LP      偏移，并进入状态 65
    LC      偏移，并进入状态 30
    RETURN  偏移，并进入状态 66
    IF      偏移，并进入状态 67
    WHILE   偏移，并进入状态 68

    CompSt  转到状态 69
    Stmt    转到状态 166
    Exp     转到状态 72


状态 156

   79 Exp: Exp LB error RB •

    $default  使用规则 79 以归约 (Exp)


状态 157

   62 Exp: Exp LB Exp RB •

    $default  使用规则 62 以归约 (Exp)


状态 158

   90 Args: Exp COMMA Args •

    $default  使用规则 90 以归约 (Args)


状态 159

   39 Stmt: IF error Exp RP Stmt •

    $default  使用规则 39 以归约 (Stmt)


状态 160

   40 Stmt: IF LP error RP Stmt •

    $default  使用规则 40 以归约 (Stmt)


状态 161

   41 Stmt: IF LP Exp error Stmt •

    $default  使用规则 41 以归约 (Stmt)


状态 162

   36 Stmt: IF LP Exp RP Stmt •
   37     | IF LP Exp RP Stmt • ELSE Stmt

    ELSE  偏移，并进入状态 167

    $default  使用规则 36 以归约 (Stmt)


状态 163

   42 Stmt: WHILE error Exp RP Stmt •

    $default  使用规则 42 以归约 (Stmt)


状态 164

   43 Stmt: WHILE LP error RP Stmt •

    $default  使用规则 43 以归约 (Stmt)


状态 165

   44 Stmt: WHILE LP Exp error Stmt •

    $default  使用规则 44 以归约 (Stmt)


状态 166

   38 Stmt: WHILE LP Exp RP Stmt •

    $default  使用规则 38 以归约 (Stmt)


状态 167

   37 Stmt: IF LP Exp RP Stmt ELSE • Stmt

    error   偏移，并进入状态 59
    INT     偏移，并进入状态 60
    FLOAT   偏移，并进入状态 61
    ID      偏移，并进入状态 62
    MINUS   偏移，并进入状态 63
    NOT     偏移，并进入状态 64
    LP      偏移，并进入状态 65
    LC      偏移，并进入状态 30
    RETURN  偏移，并进入状态 66
    IF      偏移，并进入状态 67
    WHILE   偏移，并进入状态 68

    CompSt  转到状态 69
    Stmt    转到状态 168
    Exp     转到状态 72


状态 168

   37 Stmt: IF LP Exp RP Stmt ELSE Stmt •

    $default  使用规则 37 以归约 (Stmt)
