终端机在文法中未使用

    LOWER_THAN_ELSE


状态 59 冲突：1 项偏移/归约


语法

    0 $accept: Program $end

    1 Program: ExtDefList

    2 ExtDefList: ExtDef ExtDefList
    3           | ε

    4 ExtDef: Specifier ExtDecList SEMI
    5       | Specifier SEMI
    6       | Specifier FunDec CompSt
    7       | Specifier FunDec SEMI
    8       | error SEMI
    9       | Specifier error SEMI
   10       | error Specifier SEMI

   11 ExtDecList: VarDec
   12           | VarDec COMMA ExtDecList

   13 Specifier: TYPE
   14          | StructSpecifier

   15 StructSpecifier: STRUCT OptTag LC DefList RC
   16                | STRUCT Tag

   17 OptTag: ID
   18       | ε

   19 Tag: ID

   20 VarDec: ID
   21       | VarDec LB INT RB
   22       | VarDec LB error RB
   23       | VarDec LB INT RB error

   24 FunDec: ID LP VarList RP
   25       | ID LP RP
   26       | ID LP error RP
   27       | error LP VarList RP

   28 VarList: ParamDec COMMA VarList
   29        | ParamDec

   30 ParamDec: Specifier VarDec

   31 CompSt: LC DefList StmtList RC

   32 StmtList: Stmt StmtList
   33         | ε

   34 Stmt: Exp SEMI
   35     | CompSt
   36     | RETURN Exp SEMI
   37     | IF LP Exp RP Stmt
   38     | IF LP Exp RP Stmt ELSE Stmt
   39     | WHILE LP Exp RP Stmt
   40     | IF error Exp RP Stmt
   41     | IF LP error RP Stmt
   42     | IF LP Exp error Stmt
   43     | WHILE error Exp RP Stmt
   44     | WHILE LP error RP Stmt
   45     | WHILE LP Exp error Stmt
   46     | error SEMI
   47     | Exp error SEMI
   48     | Exp error
   49     | RETURN error SEMI
   50     | RETURN Exp error

   51 DefList: Def DefList
   52        | ε

   53 Def: Specifier DecList SEMI
   54    | Specifier error SEMI
   55    | Specifier DecList error

   56 DecList: Dec
   57        | Dec COMMA DecList

   58 Dec: VarDec
   59    | VarDec ASSIGNOP Exp

   60 Exp: LP Exp RP
   61    | ID LP Args RP
   62    | ID LP RP
   63    | Exp LB Exp RB
   64    | Exp DOT ID
   65    | MINUS Exp
   66    | NOT Exp
   67    | Exp STAR Exp
   68    | Exp DIV Exp
   69    | Exp PLUS Exp
   70    | Exp MINUS Exp
   71    | Exp RELOP Exp
   72    | Exp AND Exp
   73    | Exp OR Exp
   74    | Exp ASSIGNOP Exp
   75    | ID
   76    | INT
   77    | FLOAT
   78    | LP error RP
   79    | ID LP error RP
   80    | Exp LB error RB
   81    | MINUS error
   82    | NOT error
   83    | Exp STAR error
   84    | Exp DIV error
   85    | Exp PLUS error
   86    | Exp MINUS error
   87    | Exp RELOP error
   88    | Exp AND error
   89    | Exp OR error
   90    | Exp ASSIGNOP error

   91 Args: Exp COMMA Args
   92     | Exp


终结语词，附有它们出现处的规则

    $end (0) 0
    error (256) 8 9 10 22 23 26 27 40 41 42 43 44 45 46 47 48 49 50 54 55 78 79 80 81 82 83 84 85 86 87 88 89 90
    INT (258) 21 23 76
    FLOAT (259) 77
    ID (260) 17 19 20 24 25 26 61 62 64 75 79
    SEMI (261) 4 5 7 8 9 10 34 36 46 47 49 53 54
    COMMA (262) 12 28 57 91
    ASSIGNOP (263) 59 74 90
    RELOP (264) 71 87
    PLUS (265) 69 85
    MINUS (266) 65 70 81 86
    STAR (267) 67 83
    DIV (268) 68 84
    AND (269) 72 88
    OR (270) 73 89
    DOT (271) 64
    NOT (272) 66 82
    TYPE (273) 13
    LP (274) 24 25 26 27 37 38 39 41 42 44 45 60 61 62 78 79
    RP (275) 24 25 26 27 37 38 39 40 41 43 44 60 61 62 78 79
    LB (276) 21 22 23 63 80
    RB (277) 21 22 23 63 80
    LC (278) 15 31
    RC (279) 15 31
    STRUCT (280) 15 16
    RETURN (281) 36 49 50
    IF (282) 37 38 40 41 42
    ELSE (283) 38
    WHILE (284) 39 43 44 45
    LOWER_THAN_ELSE (285)


非终结语词，附有它们出现处的规则

    $accept (31)
        on left: 0
    Program (32)
        on left: 1
        on right: 0
    ExtDefList (33)
        on left: 2 3
        on right: 1 2
    ExtDef (34)
        on left: 4 5 6 7 8 9 10
        on right: 2
    ExtDecList (35)
        on left: 11 12
        on right: 4 12
    Specifier (36)
        on left: 13 14
        on right: 4 5 6 7 9 10 30 53 54 55
    StructSpecifier (37)
        on left: 15 16
        on right: 14
    OptTag (38)
        on left: 17 18
        on right: 15
    Tag (39)
        on left: 19
        on right: 16
    VarDec (40)
        on left: 20 21 22 23
        on right: 11 12 21 22 23 30 58 59
    FunDec (41)
        on left: 24 25 26 27
        on right: 6 7
    VarList (42)
        on left: 28 29
        on right: 24 27 28
    ParamDec (43)
        on left: 30
        on right: 28 29
    CompSt (44)
        on left: 31
        on right: 6 35
    StmtList (45)
        on left: 32 33
        on right: 31 32
    Stmt (46)
        on left: 34 35 36 37 38 39 40 41 42 43 44 45 46 47 48 49 50
        on right: 32 37 38 39 40 41 42 43 44 45
    DefList (47)
        on left: 51 52
        on right: 15 31 51
    Def (48)
        on left: 53 54 55
        on right: 51
    DecList (49)
        on left: 56 57
        on right: 53 55 57
    Dec (50)
        on left: 58 59
        on right: 56 57
    Exp (51)
        on left: 60 61 62 63 64 65 66 67 68 69 70 71 72 73 74 75 76 77 78 79 80 81 82 83 84 85 86 87 88 89 90
        on right: 34 36 37 38 39 40 42 43 45 47 48 50 59 60 63 64 65 66 67 68 69 70 71 72 73 74 80 83 84 85 86 87 88 89 90 91 92
    Args (52)
        on left: 91 92
        on right: 61 91


状态 0

    0 $accept: • Program $end

    error   偏移，并进入状态 1
    TYPE    偏移，并进入状态 2
    STRUCT  偏移，并进入状态 3

    $end  使用规则 3 以归约 (ExtDefList)

    Program          转到状态 4
    ExtDefList       转到状态 5
    ExtDef           转到状态 6
    Specifier        转到状态 7
    StructSpecifier  转到状态 8


状态 1

    8 ExtDef: error • SEMI
   10       | error • Specifier SEMI

    SEMI    偏移，并进入状态 9
    TYPE    偏移，并进入状态 2
    STRUCT  偏移，并进入状态 3

    Specifier        转到状态 10
    StructSpecifier  转到状态 8


状态 2

   13 Specifier: TYPE •

    $default  使用规则 13 以归约 (Specifier)


状态 3

   15 StructSpecifier: STRUCT • OptTag LC DefList RC
   16                | STRUCT • Tag

    ID  偏移，并进入状态 11

    $default  使用规则 18 以归约 (OptTag)

    OptTag  转到状态 12
    Tag     转到状态 13


状态 4

    0 $accept: Program • $end

    $end  偏移，并进入状态 14


状态 5

    1 Program: ExtDefList •

    $default  使用规则 1 以归约 (Program)


状态 6

    2 ExtDefList: ExtDef • ExtDefList

    error   偏移，并进入状态 1
    TYPE    偏移，并进入状态 2
    STRUCT  偏移，并进入状态 3

    $end  使用规则 3 以归约 (ExtDefList)

    ExtDefList       转到状态 15
    ExtDef           转到状态 6
    Specifier        转到状态 7
    StructSpecifier  转到状态 8


状态 7

    4 ExtDef: Specifier • ExtDecList SEMI
    5       | Specifier • SEMI
    6       | Specifier • FunDec CompSt
    7       | Specifier • FunDec SEMI
    9       | Specifier • error SEMI

    error  偏移，并进入状态 16
    ID     偏移，并进入状态 17
    SEMI   偏移，并进入状态 18

    ExtDecList  转到状态 19
    VarDec      转到状态 20
    FunDec      转到状态 21


状态 8

   14 Specifier: StructSpecifier •

    $default  使用规则 14 以归约 (Specifier)


状态 9

    8 ExtDef: error SEMI •

    $default  使用规则 8 以归约 (ExtDef)


状态 10

   10 ExtDef: error Specifier • SEMI

    SEMI  偏移，并进入状态 22


状态 11

   17 OptTag: ID •
   19 Tag: ID •

    LC        使用规则 17 以归约 (OptTag)
    $default  使用规则 19 以归约 (Tag)


状态 12

   15 StructSpecifier: STRUCT OptTag • LC DefList RC

    LC  偏移，并进入状态 23


状态 13

   16 StructSpecifier: STRUCT Tag •

    $default  使用规则 16 以归约 (StructSpecifier)


状态 14

    0 $accept: Program $end •

    $default  接受


状态 15

    2 ExtDefList: ExtDef ExtDefList •

    $default  使用规则 2 以归约 (ExtDefList)


状态 16

    9 ExtDef: Specifier error • SEMI
   27 FunDec: error • LP VarList RP

    SEMI  偏移，并进入状态 24
    LP    偏移，并进入状态 25


状态 17

   20 VarDec: ID •
   24 FunDec: ID • LP VarList RP
   25       | ID • LP RP
   26       | ID • LP error RP

    LP  偏移，并进入状态 26

    $default  使用规则 20 以归约 (VarDec)


状态 18

    5 ExtDef: Specifier SEMI •

    $default  使用规则 5 以归约 (ExtDef)


状态 19

    4 ExtDef: Specifier ExtDecList • SEMI

    SEMI  偏移，并进入状态 27


状态 20

   11 ExtDecList: VarDec •
   12           | VarDec • COMMA ExtDecList
   21 VarDec: VarDec • LB INT RB
   22       | VarDec • LB error RB
   23       | VarDec • LB INT RB error

    COMMA  偏移，并进入状态 28
    LB     偏移，并进入状态 29

    $default  使用规则 11 以归约 (ExtDecList)


状态 21

    6 ExtDef: Specifier FunDec • CompSt
    7       | Specifier FunDec • SEMI

    SEMI  偏移，并进入状态 30
    LC    偏移，并进入状态 31

    CompSt  转到状态 32


状态 22

   10 ExtDef: error Specifier SEMI •

    $default  使用规则 10 以归约 (ExtDef)


状态 23

   15 StructSpecifier: STRUCT OptTag LC • DefList RC

    TYPE    偏移，并进入状态 2
    STRUCT  偏移，并进入状态 3

    $default  使用规则 52 以归约 (DefList)

    Specifier        转到状态 33
    StructSpecifier  转到状态 8
    DefList          转到状态 34
    Def              转到状态 35


状态 24

    9 ExtDef: Specifier error SEMI •

    $default  使用规则 9 以归约 (ExtDef)


状态 25

   27 FunDec: error LP • VarList RP

    TYPE    偏移，并进入状态 2
    STRUCT  偏移，并进入状态 3

    Specifier        转到状态 36
    StructSpecifier  转到状态 8
    VarList          转到状态 37
    ParamDec         转到状态 38


状态 26

   24 FunDec: ID LP • VarList RP
   25       | ID LP • RP
   26       | ID LP • error RP

    error   偏移，并进入状态 39
    TYPE    偏移，并进入状态 2
    RP      偏移，并进入状态 40
    STRUCT  偏移，并进入状态 3

    Specifier        转到状态 36
    StructSpecifier  转到状态 8
    VarList          转到状态 41
    ParamDec         转到状态 38


状态 27

    4 ExtDef: Specifier ExtDecList SEMI •

    $default  使用规则 4 以归约 (ExtDef)


状态 28

   12 ExtDecList: VarDec COMMA • ExtDecList

    ID  偏移，并进入状态 42

    ExtDecList  转到状态 43
    VarDec      转到状态 20


状态 29

   21 VarDec: VarDec LB • INT RB
   22       | VarDec LB • error RB
   23       | VarDec LB • INT RB error

    error  偏移，并进入状态 44
    INT    偏移，并进入状态 45


状态 30

    7 ExtDef: Specifier FunDec SEMI •

    $default  使用规则 7 以归约 (ExtDef)


状态 31

   31 CompSt: LC • DefList StmtList RC

    TYPE    偏移，并进入状态 2
    STRUCT  偏移，并进入状态 3

    $default  使用规则 52 以归约 (DefList)

    Specifier        转到状态 33
    StructSpecifier  转到状态 8
    DefList          转到状态 46
    Def              转到状态 35


状态 32

    6 ExtDef: Specifier FunDec CompSt •

    $default  使用规则 6 以归约 (ExtDef)


状态 33

   53 Def: Specifier • DecList SEMI
   54    | Specifier • error SEMI
   55    | Specifier • DecList error

    error  偏移，并进入状态 47
    ID     偏移，并进入状态 42

    VarDec   转到状态 48
    DecList  转到状态 49
    Dec      转到状态 50


状态 34

   15 StructSpecifier: STRUCT OptTag LC DefList • RC

    RC  偏移，并进入状态 51


状态 35

   51 DefList: Def • DefList

    TYPE    偏移，并进入状态 2
    STRUCT  偏移，并进入状态 3

    $default  使用规则 52 以归约 (DefList)

    Specifier        转到状态 33
    StructSpecifier  转到状态 8
    DefList          转到状态 52
    Def              转到状态 35


状态 36

   30 ParamDec: Specifier • VarDec

    ID  偏移，并进入状态 42

    VarDec  转到状态 53


状态 37

   27 FunDec: error LP VarList • RP

    RP  偏移，并进入状态 54


状态 38

   28 VarList: ParamDec • COMMA VarList
   29        | ParamDec •

    COMMA  偏移，并进入状态 55

    $default  使用规则 29 以归约 (VarList)


状态 39

   26 FunDec: ID LP error • RP

    RP  偏移，并进入状态 56


状态 40

   25 FunDec: ID LP RP •

    $default  使用规则 25 以归约 (FunDec)


状态 41

   24 FunDec: ID LP VarList • RP

    RP  偏移，并进入状态 57


状态 42

   20 VarDec: ID •

    $default  使用规则 20 以归约 (VarDec)


状态 43

   12 ExtDecList: VarDec COMMA ExtDecList •

    $default  使用规则 12 以归约 (ExtDecList)


状态 44

   22 VarDec: VarDec LB error • RB

    RB  偏移，并进入状态 58


状态 45

   21 VarDec: VarDec LB INT • RB
   23       | VarDec LB INT • RB error

    RB  偏移，并进入状态 59


状态 46

   31 CompSt: LC DefList • StmtList RC

    error   偏移，并进入状态 60
    INT     偏移，并进入状态 61
    FLOAT   偏移，并进入状态 62
    ID      偏移，并进入状态 63
    MINUS   偏移，并进入状态 64
    NOT     偏移，并进入状态 65
    LP      偏移，并进入状态 66
    LC      偏移，并进入状态 31
    RETURN  偏移，并进入状态 67
    IF      偏移，并进入状态 68
    WHILE   偏移，并进入状态 69

    RC  使用规则 33 以归约 (StmtList)

    CompSt    转到状态 70
    StmtList  转到状态 71
    Stmt      转到状态 72
    Exp       转到状态 73


状态 47

   54 Def: Specifier error • SEMI

    SEMI  偏移，并进入状态 74


状态 48

   21 VarDec: VarDec • LB INT RB
   22       | VarDec • LB error RB
   23       | VarDec • LB INT RB error
   58 Dec: VarDec •
   59    | VarDec • ASSIGNOP Exp

    ASSIGNOP  偏移，并进入状态 75
    LB        偏移，并进入状态 29

    $default  使用规则 58 以归约 (Dec)


状态 49

   53 Def: Specifier DecList • SEMI
   55    | Specifier DecList • error

    error  偏移，并进入状态 76
    SEMI   偏移，并进入状态 77


状态 50

   56 DecList: Dec •
   57        | Dec • COMMA DecList

    COMMA  偏移，并进入状态 78

    $default  使用规则 56 以归约 (DecList)


状态 51

   15 StructSpecifier: STRUCT OptTag LC DefList RC •

    $default  使用规则 15 以归约 (StructSpecifier)


状态 52

   51 DefList: Def DefList •

    $default  使用规则 51 以归约 (DefList)


状态 53

   21 VarDec: VarDec • LB INT RB
   22       | VarDec • LB error RB
   23       | VarDec • LB INT RB error
   30 ParamDec: Specifier VarDec •

    LB  偏移，并进入状态 29

    $default  使用规则 30 以归约 (ParamDec)


状态 54

   27 FunDec: error LP VarList RP •

    $default  使用规则 27 以归约 (FunDec)


状态 55

   28 VarList: ParamDec COMMA • VarList

    TYPE    偏移，并进入状态 2
    STRUCT  偏移，并进入状态 3

    Specifier        转到状态 36
    StructSpecifier  转到状态 8
    VarList          转到状态 79
    ParamDec         转到状态 38


状态 56

   26 FunDec: ID LP error RP •

    $default  使用规则 26 以归约 (FunDec)


状态 57

   24 FunDec: ID LP VarList RP •

    $default  使用规则 24 以归约 (FunDec)


状态 58

   22 VarDec: VarDec LB error RB •

    $default  使用规则 22 以归约 (VarDec)


状态 59

   21 VarDec: VarDec LB INT RB •
   23       | VarDec LB INT RB • error

    error  偏移，并进入状态 80

    error     [使用规则 21 以归约 (VarDec)]
    SEMI      使用规则 21 以归约 (VarDec)
    COMMA     使用规则 21 以归约 (VarDec)
    ASSIGNOP  使用规则 21 以归约 (VarDec)
    RP        使用规则 21 以归约 (VarDec)
    LB        使用规则 21 以归约 (VarDec)


状态 60

   46 Stmt: error • SEMI

    SEMI  偏移，并进入状态 81


状态 61

   76 Exp: INT •

    $default  使用规则 76 以归约 (Exp)


状态 62

   77 Exp: FLOAT •

    $default  使用规则 77 以归约 (Exp)


状态 63

   61 Exp: ID • LP Args RP
   62    | ID • LP RP
   75    | ID •
   79    | ID • LP error RP

    LP  偏移，并进入状态 82

    $default  使用规则 75 以归约 (Exp)


状态 64

   65 Exp: MINUS • Exp
   81    | MINUS • error

    error  偏移，并进入状态 83
    INT    偏移，并进入状态 61
    FLOAT  偏移，并进入状态 62
    ID     偏移，并进入状态 63
    MINUS  偏移，并进入状态 64
    NOT    偏移，并进入状态 65
    LP     偏移，并进入状态 66

    Exp  转到状态 84


状态 65

   66 Exp: NOT • Exp
   82    | NOT • error

    error  偏移，并进入状态 85
    INT    偏移，并进入状态 61
    FLOAT  偏移，并进入状态 62
    ID     偏移，并进入状态 63
    MINUS  偏移，并进入状态 64
    NOT    偏移，并进入状态 65
    LP     偏移，并进入状态 66

    Exp  转到状态 86


状态 66

   60 Exp: LP • Exp RP
   78    | LP • error RP

    error  偏移，并进入状态 87
    INT    偏移，并进入状态 61
    FLOAT  偏移，并进入状态 62
    ID     偏移，并进入状态 63
    MINUS  偏移，并进入状态 64
    NOT    偏移，并进入状态 65
    LP     偏移，并进入状态 66

    Exp  转到状态 88


状态 67

   36 Stmt: RETURN • Exp SEMI
   49     | RETURN • error SEMI
   50     | RETURN • Exp error

    error  偏移，并进入状态 89
    INT    偏移，并进入状态 61
    FLOAT  偏移，并进入状态 62
    ID     偏移，并进入状态 63
    MINUS  偏移，并进入状态 64
    NOT    偏移，并进入状态 65
    LP     偏移，并进入状态 66

    Exp  转到状态 90


状态 68

   37 Stmt: IF • LP Exp RP Stmt
   38     | IF • LP Exp RP Stmt ELSE Stmt
   40     | IF • error Exp RP Stmt
   41     | IF • LP error RP Stmt
   42     | IF • LP Exp error Stmt

    error  偏移，并进入状态 91
    LP     偏移，并进入状态 92


状态 69

   39 Stmt: WHILE • LP Exp RP Stmt
   43     | WHILE • error Exp RP Stmt
   44     | WHILE • LP error RP Stmt
   45     | WHILE • LP Exp error Stmt

    error  偏移，并进入状态 93
    LP     偏移，并进入状态 94


状态 70

   35 Stmt: CompSt •

    $default  使用规则 35 以归约 (Stmt)


状态 71

   31 CompSt: LC DefList StmtList • RC

    RC  偏移，并进入状态 95


状态 72

   32 StmtList: Stmt • StmtList

    error   偏移，并进入状态 60
    INT     偏移，并进入状态 61
    FLOAT   偏移，并进入状态 62
    ID      偏移，并进入状态 63
    MINUS   偏移，并进入状态 64
    NOT     偏移，并进入状态 65
    LP      偏移，并进入状态 66
    LC      偏移，并进入状态 31
    RETURN  偏移，并进入状态 67
    IF      偏移，并进入状态 68
    WHILE   偏移，并进入状态 69

    RC  使用规则 33 以归约 (StmtList)

    CompSt    转到状态 70
    StmtList  转到状态 96
    Stmt      转到状态 72
    Exp       转到状态 73


状态 73

   34 Stmt: Exp • SEMI
   47     | Exp • error SEMI
   48     | Exp • error
   63 Exp: Exp • LB Exp RB
   64    | Exp • DOT ID
   67    | Exp • STAR Exp
   68    | Exp • DIV Exp
   69    | Exp • PLUS Exp
   70    | Exp • MINUS Exp
   71    | Exp • RELOP Exp
   72    | Exp • AND Exp
   73    | Exp • OR Exp
   74    | Exp • ASSIGNOP Exp
   80    | Exp • LB error RB
   83    | Exp • STAR error
   84    | Exp • DIV error
   85    | Exp • PLUS error
   86    | Exp • MINUS error
   87    | Exp • RELOP error
   88    | Exp • AND error
   89    | Exp • OR error
   90    | Exp • ASSIGNOP error

    error     偏移，并进入状态 97
    SEMI      偏移，并进入状态 98
    ASSIGNOP  偏移，并进入状态 99
    RELOP     偏移，并进入状态 100
    PLUS      偏移，并进入状态 101
    MINUS     偏移，并进入状态 102
    STAR      偏移，并进入状态 103
    DIV       偏移，并进入状态 104
    AND       偏移，并进入状态 105
    OR        偏移，并进入状态 106
    DOT       偏移，并进入状态 107
    LB        偏移，并进入状态 108


状态 74

   54 Def: Specifier error SEMI •

    $default  使用规则 54 以归约 (Def)


状态 75

   59 Dec: VarDec ASSIGNOP • Exp

    INT    偏移，并进入状态 61
    FLOAT  偏移，并进入状态 62
    ID     偏移，并进入状态 63
    MINUS  偏移，并进入状态 64
    NOT    偏移，并进入状态 65
    LP     偏移，并进入状态 66

    Exp  转到状态 109


状态 76

   55 Def: Specifier DecList error •

    $default  使用规则 55 以归约 (Def)


状态 77

   53 Def: Specifier DecList SEMI •

    $default  使用规则 53 以归约 (Def)


状态 78

   57 DecList: Dec COMMA • DecList

    ID  偏移，并进入状态 42

    VarDec   转到状态 48
    DecList  转到状态 110
    Dec      转到状态 50


状态 79

   28 VarList: ParamDec COMMA VarList •

    $default  使用规则 28 以归约 (VarList)


状态 80

   23 VarDec: VarDec LB INT RB error •

    $default  使用规则 23 以归约 (VarDec)


状态 81

   46 Stmt: error SEMI •

    $default  使用规则 46 以归约 (Stmt)


状态 82

   61 Exp: ID LP • Args RP
   62    | ID LP • RP
   79    | ID LP • error RP

    error  偏移，并进入状态 111
    INT    偏移，并进入状态 61
    FLOAT  偏移，并进入状态 62
    ID     偏移，并进入状态 63
    MINUS  偏移，并进入状态 64
    NOT    偏移，并进入状态 65
    LP     偏移，并进入状态 66
    RP     偏移，并进入状态 112

    Exp   转到状态 113
    Args  转到状态 114


状态 83

   81 Exp: MINUS error •

    $default  使用规则 81 以归约 (Exp)


状态 84

   63 Exp: Exp • LB Exp RB
   64    | Exp • DOT ID
   65    | MINUS Exp •
   67    | Exp • STAR Exp
   68    | Exp • DIV Exp
   69    | Exp • PLUS Exp
   70    | Exp • MINUS Exp
   71    | Exp • RELOP Exp
   72    | Exp • AND Exp
   73    | Exp • OR Exp
   74    | Exp • ASSIGNOP Exp
   80    | Exp • LB error RB
   83    | Exp • STAR error
   84    | Exp • DIV error
   85    | Exp • PLUS error
   86    | Exp • MINUS error
   87    | Exp • RELOP error
   88    | Exp • AND error
   89    | Exp • OR error
   90    | Exp • ASSIGNOP error

    STAR  偏移，并进入状态 103
    DIV   偏移，并进入状态 104
    DOT   偏移，并进入状态 107
    LB    偏移，并进入状态 108

    $default  使用规则 65 以归约 (Exp)


状态 85

   82 Exp: NOT error •

    $default  使用规则 82 以归约 (Exp)


状态 86

   63 Exp: Exp • LB Exp RB
   64    | Exp • DOT ID
   66    | NOT Exp •
   67    | Exp • STAR Exp
   68    | Exp • DIV Exp
   69    | Exp • PLUS Exp
   70    | Exp • MINUS Exp
   71    | Exp • RELOP Exp
   72    | Exp • AND Exp
   73    | Exp • OR Exp
   74    | Exp • ASSIGNOP Exp
   80    | Exp • LB error RB
   83    | Exp • STAR error
   84    | Exp • DIV error
   85    | Exp • PLUS error
   86    | Exp • MINUS error
   87    | Exp • RELOP error
   88    | Exp • AND error
   89    | Exp • OR error
   90    | Exp • ASSIGNOP error

    DOT  偏移，并进入状态 107
    LB   偏移，并进入状态 108

    $default  使用规则 66 以归约 (Exp)


状态 87

   78 Exp: LP error • RP

    RP  偏移，并进入状态 115


状态 88

   60 Exp: LP Exp • RP
   63    | Exp • LB Exp RB
   64    | Exp • DOT ID
   67    | Exp • STAR Exp
   68    | Exp • DIV Exp
   69    | Exp • PLUS Exp
   70    | Exp • MINUS Exp
   71    | Exp • RELOP Exp
   72    | Exp • AND Exp
   73    | Exp • OR Exp
   74    | Exp • ASSIGNOP Exp
   80    | Exp • LB error RB
   83    | Exp • STAR error
   84    | Exp • DIV error
   85    | Exp • PLUS error
   86    | Exp • MINUS error
   87    | Exp • RELOP error
   88    | Exp • AND error
   89    | Exp • OR error
   90    | Exp • ASSIGNOP error

    ASSIGNOP  偏移，并进入状态 99
    RELOP     偏移，并进入状态 100
    PLUS      偏移，并进入状态 101
    MINUS     偏移，并进入状态 102
    STAR      偏移，并进入状态 103
    DIV       偏移，并进入状态 104
    AND       偏移，并进入状态 105
    OR        偏移，并进入状态 106
    DOT       偏移，并进入状态 107
    RP        偏移，并进入状态 116
    LB        偏移，并进入状态 108


状态 89

   49 Stmt: RETURN error • SEMI

    SEMI  偏移，并进入状态 117


状态 90

   36 Stmt: RETURN Exp • SEMI
   50     | RETURN Exp • error
   63 Exp: Exp • LB Exp RB
   64    | Exp • DOT ID
   67    | Exp • STAR Exp
   68    | Exp • DIV Exp
   69    | Exp • PLUS Exp
   70    | Exp • MINUS Exp
   71    | Exp • RELOP Exp
   72    | Exp • AND Exp
   73    | Exp • OR Exp
   74    | Exp • ASSIGNOP Exp
   80    | Exp • LB error RB
   83    | Exp • STAR error
   84    | Exp • DIV error
   85    | Exp • PLUS error
   86    | Exp • MINUS error
   87    | Exp • RELOP error
   88    | Exp • AND error
   89    | Exp • OR error
   90    | Exp • ASSIGNOP error

    error     偏移，并进入状态 118
    SEMI      偏移，并进入状态 119
    ASSIGNOP  偏移，并进入状态 99
    RELOP     偏移，并进入状态 100
    PLUS      偏移，并进入状态 101
    MINUS     偏移，并进入状态 102
    STAR      偏移，并进入状态 103
    DIV       偏移，并进入状态 104
    AND       偏移，并进入状态 105
    OR        偏移，并进入状态 106
    DOT       偏移，并进入状态 107
    LB        偏移，并进入状态 108


状态 91

   40 Stmt: IF error • Exp RP Stmt

    INT    偏移，并进入状态 61
    FLOAT  偏移，并进入状态 62
    ID     偏移，并进入状态 63
    MINUS  偏移，并进入状态 64
    NOT    偏移，并进入状态 65
    LP     偏移，并进入状态 66

    Exp  转到状态 120


状态 92

   37 Stmt: IF LP • Exp RP Stmt
   38     | IF LP • Exp RP Stmt ELSE Stmt
   41     | IF LP • error RP Stmt
   42     | IF LP • Exp error Stmt

    error  偏移，并进入状态 121
    INT    偏移，并进入状态 61
    FLOAT  偏移，并进入状态 62
    ID     偏移，并进入状态 63
    MINUS  偏移，并进入状态 64
    NOT    偏移，并进入状态 65
    LP     偏移，并进入状态 66

    Exp  转到状态 122


状态 93

   43 Stmt: WHILE error • Exp RP Stmt

    INT    偏移，并进入状态 61
    FLOAT  偏移，并进入状态 62
    ID     偏移，并进入状态 63
    MINUS  偏移，并进入状态 64
    NOT    偏移，并进入状态 65
    LP     偏移，并进入状态 66

    Exp  转到状态 123


状态 94

   39 Stmt: WHILE LP • Exp RP Stmt
   44     | WHILE LP • error RP Stmt
   45     | WHILE LP • Exp error Stmt

    error  偏移，并进入状态 124
    INT    偏移，并进入状态 61
    FLOAT  偏移，并进入状态 62
    ID     偏移，并进入状态 63
    MINUS  偏移，并进入状态 64
    NOT    偏移，并进入状态 65
    LP     偏移，并进入状态 66

    Exp  转到状态 125


状态 95

   31 CompSt: LC DefList StmtList RC •

    $default  使用规则 31 以归约 (CompSt)


状态 96

   32 StmtList: Stmt StmtList •

    $default  使用规则 32 以归约 (StmtList)


状态 97

   47 Stmt: Exp error • SEMI
   48     | Exp error •

    SEMI  偏移，并进入状态 126

    $default  使用规则 48 以归约 (Stmt)


状态 98

   34 Stmt: Exp SEMI •

    $default  使用规则 34 以归约 (Stmt)


状态 99

   74 Exp: Exp ASSIGNOP • Exp
   90    | Exp ASSIGNOP • error

    error  偏移，并进入状态 127
    INT    偏移，并进入状态 61
    FLOAT  偏移，并进入状态 62
    ID     偏移，并进入状态 63
    MINUS  偏移，并进入状态 64
    NOT    偏移，并进入状态 65
    LP     偏移，并进入状态 66

    Exp  转到状态 128


状态 100

   71 Exp: Exp RELOP • Exp
   87    | Exp RELOP • error

    error  偏移，并进入状态 129
    INT    偏移，并进入状态 61
    FLOAT  偏移，并进入状态 62
    ID     偏移，并进入状态 63
    MINUS  偏移，并进入状态 64
    NOT    偏移，并进入状态 65
    LP     偏移，并进入状态 66

    Exp  转到状态 130


状态 101

   69 Exp: Exp PLUS • Exp
   85    | Exp PLUS • error

    error  偏移，并进入状态 131
    INT    偏移，并进入状态 61
    FLOAT  偏移，并进入状态 62
    ID     偏移，并进入状态 63
    MINUS  偏移，并进入状态 64
    NOT    偏移，并进入状态 65
    LP     偏移，并进入状态 66

    Exp  转到状态 132


状态 102

   70 Exp: Exp MINUS • Exp
   86    | Exp MINUS • error

    error  偏移，并进入状态 133
    INT    偏移，并进入状态 61
    FLOAT  偏移，并进入状态 62
    ID     偏移，并进入状态 63
    MINUS  偏移，并进入状态 64
    NOT    偏移，并进入状态 65
    LP     偏移，并进入状态 66

    Exp  转到状态 134


状态 103

   67 Exp: Exp STAR • Exp
   83    | Exp STAR • error

    error  偏移，并进入状态 135
    INT    偏移，并进入状态 61
    FLOAT  偏移，并进入状态 62
    ID     偏移，并进入状态 63
    MINUS  偏移，并进入状态 64
    NOT    偏移，并进入状态 65
    LP     偏移，并进入状态 66

    Exp  转到状态 136


状态 104

   68 Exp: Exp DIV • Exp
   84    | Exp DIV • error

    error  偏移，并进入状态 137
    INT    偏移，并进入状态 61
    FLOAT  偏移，并进入状态 62
    ID     偏移，并进入状态 63
    MINUS  偏移，并进入状态 64
    NOT    偏移，并进入状态 65
    LP     偏移，并进入状态 66

    Exp  转到状态 138


状态 105

   72 Exp: Exp AND • Exp
   88    | Exp AND • error

    error  偏移，并进入状态 139
    INT    偏移，并进入状态 61
    FLOAT  偏移，并进入状态 62
    ID     偏移，并进入状态 63
    MINUS  偏移，并进入状态 64
    NOT    偏移，并进入状态 65
    LP     偏移，并进入状态 66

    Exp  转到状态 140


状态 106

   73 Exp: Exp OR • Exp
   89    | Exp OR • error

    error  偏移，并进入状态 141
    INT    偏移，并进入状态 61
    FLOAT  偏移，并进入状态 62
    ID     偏移，并进入状态 63
    MINUS  偏移，并进入状态 64
    NOT    偏移，并进入状态 65
    LP     偏移，并进入状态 66

    Exp  转到状态 142


状态 107

   64 Exp: Exp DOT • ID

    ID  偏移，并进入状态 143


状态 108

   63 Exp: Exp LB • Exp RB
   80    | Exp LB • error RB

    error  偏移，并进入状态 144
    INT    偏移，并进入状态 61
    FLOAT  偏移，并进入状态 62
    ID     偏移，并进入状态 63
    MINUS  偏移，并进入状态 64
    NOT    偏移，并进入状态 65
    LP     偏移，并进入状态 66

    Exp  转到状态 145


状态 109

   59 Dec: VarDec ASSIGNOP Exp •
   63 Exp: Exp • LB Exp RB
   64    | Exp • DOT ID
   67    | Exp • STAR Exp
   68    | Exp • DIV Exp
   69    | Exp • PLUS Exp
   70    | Exp • MINUS Exp
   71    | Exp • RELOP Exp
   72    | Exp • AND Exp
   73    | Exp • OR Exp
   74    | Exp • ASSIGNOP Exp
   80    | Exp • LB error RB
   83    | Exp • STAR error
   84    | Exp • DIV error
   85    | Exp • PLUS error
   86    | Exp • MINUS error
   87    | Exp • RELOP error
   88    | Exp • AND error
   89    | Exp • OR error
   90    | Exp • ASSIGNOP error

    ASSIGNOP  偏移，并进入状态 99
    RELOP     偏移，并进入状态 100
    PLUS      偏移，并进入状态 101
    MINUS     偏移，并进入状态 102
    STAR      偏移，并进入状态 103
    DIV       偏移，并进入状态 104
    AND       偏移，并进入状态 105
    OR        偏移，并进入状态 106
    DOT       偏移，并进入状态 107
    LB        偏移，并进入状态 108

    $default  使用规则 59 以归约 (Dec)


状态 110

   57 DecList: Dec COMMA DecList •

    $default  使用规则 57 以归约 (DecList)


状态 111

   79 Exp: ID LP error • RP

    RP  偏移，并进入状态 146


状态 112

   62 Exp: ID LP RP •

    $default  使用规则 62 以归约 (Exp)


状态 113

   63 Exp: Exp • LB Exp RB
   64    | Exp • DOT ID
   67    | Exp • STAR Exp
   68    | Exp • DIV Exp
   69    | Exp • PLUS Exp
   70    | Exp • MINUS Exp
   71    | Exp • RELOP Exp
   72    | Exp • AND Exp
   73    | Exp • OR Exp
   74    | Exp • ASSIGNOP Exp
   80    | Exp • LB error RB
   83    | Exp • STAR error
   84    | Exp • DIV error
   85    | Exp • PLUS error
   86    | Exp • MINUS error
   87    | Exp • RELOP error
   88    | Exp • AND error
   89    | Exp • OR error
   90    | Exp • ASSIGNOP error
   91 Args: Exp • COMMA Args
   92     | Exp •

    COMMA     偏移，并进入状态 147
    ASSIGNOP  偏移，并进入状态 99
    RELOP     偏移，并进入状态 100
    PLUS      偏移，并进入状态 101
    MINUS     偏移，并进入状态 102
    STAR      偏移，并进入状态 103
    DIV       偏移，并进入状态 104
    AND       偏移，并进入状态 105
    OR        偏移，并进入状态 106
    DOT       偏移，并进入状态 107
    LB        偏移，并进入状态 108

    $default  使用规则 92 以归约 (Args)


状态 114

   61 Exp: ID LP Args • RP

    RP  偏移，并进入状态 148


状态 115

   78 Exp: LP error RP •

    $default  使用规则 78 以归约 (Exp)


状态 116

   60 Exp: LP Exp RP •

    $default  使用规则 60 以归约 (Exp)


状态 117

   49 Stmt: RETURN error SEMI •

    $default  使用规则 49 以归约 (Stmt)


状态 118

   50 Stmt: RETURN Exp error •

    $default  使用规则 50 以归约 (Stmt)


状态 119

   36 Stmt: RETURN Exp SEMI •

    $default  使用规则 36 以归约 (Stmt)


状态 120

   40 Stmt: IF error Exp • RP Stmt
   63 Exp: Exp • LB Exp RB
   64    | Exp • DOT ID
   67    | Exp • STAR Exp
   68    | Exp • DIV Exp
   69    | Exp • PLUS Exp
   70    | Exp • MINUS Exp
   71    | Exp • RELOP Exp
   72    | Exp • AND Exp
   73    | Exp • OR Exp
   74    | Exp • ASSIGNOP Exp
   80    | Exp • LB error RB
   83    | Exp • STAR error
   84    | Exp • DIV error
   85    | Exp • PLUS error
   86    | Exp • MINUS error
   87    | Exp • RELOP error
   88    | Exp • AND error
   89    | Exp • OR error
   90    | Exp • ASSIGNOP error

    ASSIGNOP  偏移，并进入状态 99
    RELOP     偏移，并进入状态 100
    PLUS      偏移，并进入状态 101
    MINUS     偏移，并进入状态 102
    STAR      偏移，并进入状态 103
    DIV       偏移，并进入状态 104
    AND       偏移，并进入状态 105
    OR        偏移，并进入状态 106
    DOT       偏移，并进入状态 107
    RP        偏移，并进入状态 149
    LB        偏移，并进入状态 108


状态 121

   41 Stmt: IF LP error • RP Stmt

    RP  偏移，并进入状态 150


状态 122

   37 Stmt: IF LP Exp • RP Stmt
   38     | IF LP Exp • RP Stmt ELSE Stmt
   42     | IF LP Exp • error Stmt
   63 Exp: Exp • LB Exp RB
   64    | Exp • DOT ID
   67    | Exp • STAR Exp
   68    | Exp • DIV Exp
   69    | Exp • PLUS Exp
   70    | Exp • MINUS Exp
   71    | Exp • RELOP Exp
   72    | Exp • AND Exp
   73    | Exp • OR Exp
   74    | Exp • ASSIGNOP Exp
   80    | Exp • LB error RB
   83    | Exp • STAR error
   84    | Exp • DIV error
   85    | Exp • PLUS error
   86    | Exp • MINUS error
   87    | Exp • RELOP error
   88    | Exp • AND error
   89    | Exp • OR error
   90    | Exp • ASSIGNOP error

    error     偏移，并进入状态 151
    ASSIGNOP  偏移，并进入状态 99
    RELOP     偏移，并进入状态 100
    PLUS      偏移，并进入状态 101
    MINUS     偏移，并进入状态 102
    STAR      偏移，并进入状态 103
    DIV       偏移，并进入状态 104
    AND       偏移，并进入状态 105
    OR        偏移，并进入状态 106
    DOT       偏移，并进入状态 107
    RP        偏移，并进入状态 152
    LB        偏移，并进入状态 108


状态 123

   43 Stmt: WHILE error Exp • RP Stmt
   63 Exp: Exp • LB Exp RB
   64    | Exp • DOT ID
   67    | Exp • STAR Exp
   68    | Exp • DIV Exp
   69    | Exp • PLUS Exp
   70    | Exp • MINUS Exp
   71    | Exp • RELOP Exp
   72    | Exp • AND Exp
   73    | Exp • OR Exp
   74    | Exp • ASSIGNOP Exp
   80    | Exp • LB error RB
   83    | Exp • STAR error
   84    | Exp • DIV error
   85    | Exp • PLUS error
   86    | Exp • MINUS error
   87    | Exp • RELOP error
   88    | Exp • AND error
   89    | Exp • OR error
   90    | Exp • ASSIGNOP error

    ASSIGNOP  偏移，并进入状态 99
    RELOP     偏移，并进入状态 100
    PLUS      偏移，并进入状态 101
    MINUS     偏移，并进入状态 102
    STAR      偏移，并进入状态 103
    DIV       偏移，并进入状态 104
    AND       偏移，并进入状态 105
    OR        偏移，并进入状态 106
    DOT       偏移，并进入状态 107
    RP        偏移，并进入状态 153
    LB        偏移，并进入状态 108


状态 124

   44 Stmt: WHILE LP error • RP Stmt

    RP  偏移，并进入状态 154


状态 125

   39 Stmt: WHILE LP Exp • RP Stmt
   45     | WHILE LP Exp • error Stmt
   63 Exp: Exp • LB Exp RB
   64    | Exp • DOT ID
   67    | Exp • STAR Exp
   68    | Exp • DIV Exp
   69    | Exp • PLUS Exp
   70    | Exp • MINUS Exp
   71    | Exp • RELOP Exp
   72    | Exp • AND Exp
   73    | Exp • OR Exp
   74    | Exp • ASSIGNOP Exp
   80    | Exp • LB error RB
   83    | Exp • STAR error
   84    | Exp • DIV error
   85    | Exp • PLUS error
   86    | Exp • MINUS error
   87    | Exp • RELOP error
   88    | Exp • AND error
   89    | Exp • OR error
   90    | Exp • ASSIGNOP error

    error     偏移，并进入状态 155
    ASSIGNOP  偏移，并进入状态 99
    RELOP     偏移，并进入状态 100
    PLUS      偏移，并进入状态 101
    MINUS     偏移，并进入状态 102
    STAR      偏移，并进入状态 103
    DIV       偏移，并进入状态 104
    AND       偏移，并进入状态 105
    OR        偏移，并进入状态 106
    DOT       偏移，并进入状态 107
    RP        偏移，并进入状态 156
    LB        偏移，并进入状态 108


状态 126

   47 Stmt: Exp error SEMI •

    $default  使用规则 47 以归约 (Stmt)


状态 127

   90 Exp: Exp ASSIGNOP error •

    $default  使用规则 90 以归约 (Exp)


状态 128

   63 Exp: Exp • LB Exp RB
   64    | Exp • DOT ID
   67    | Exp • STAR Exp
   68    | Exp • DIV Exp
   69    | Exp • PLUS Exp
   70    | Exp • MINUS Exp
   71    | Exp • RELOP Exp
   72    | Exp • AND Exp
   73    | Exp • OR Exp
   74    | Exp • ASSIGNOP Exp
   74    | Exp ASSIGNOP Exp •
   80    | Exp • LB error RB
   83    | Exp • STAR error
   84    | Exp • DIV error
   85    | Exp • PLUS error
   86    | Exp • MINUS error
   87    | Exp • RELOP error
   88    | Exp • AND error
   89    | Exp • OR error
   90    | Exp • ASSIGNOP error

    ASSIGNOP  偏移，并进入状态 99
    RELOP     偏移，并进入状态 100
    PLUS      偏移，并进入状态 101
    MINUS     偏移，并进入状态 102
    STAR      偏移，并进入状态 103
    DIV       偏移，并进入状态 104
    AND       偏移，并进入状态 105
    OR        偏移，并进入状态 106
    DOT       偏移，并进入状态 107
    LB        偏移，并进入状态 108

    $default  使用规则 74 以归约 (Exp)


状态 129

   87 Exp: Exp RELOP error •

    $default  使用规则 87 以归约 (Exp)


状态 130

   63 Exp: Exp • LB Exp RB
   64    | Exp • DOT ID
   67    | Exp • STAR Exp
   68    | Exp • DIV Exp
   69    | Exp • PLUS Exp
   70    | Exp • MINUS Exp
   71    | Exp • RELOP Exp
   71    | Exp RELOP Exp •
   72    | Exp • AND Exp
   73    | Exp • OR Exp
   74    | Exp • ASSIGNOP Exp
   80    | Exp • LB error RB
   83    | Exp • STAR error
   84    | Exp • DIV error
   85    | Exp • PLUS error
   86    | Exp • MINUS error
   87    | Exp • RELOP error
   88    | Exp • AND error
   89    | Exp • OR error
   90    | Exp • ASSIGNOP error

    PLUS   偏移，并进入状态 101
    MINUS  偏移，并进入状态 102
    STAR   偏移，并进入状态 103
    DIV    偏移，并进入状态 104
    DOT    偏移，并进入状态 107
    LB     偏移，并进入状态 108

    $default  使用规则 71 以归约 (Exp)


状态 131

   85 Exp: Exp PLUS error •

    $default  使用规则 85 以归约 (Exp)


状态 132

   63 Exp: Exp • LB Exp RB
   64    | Exp • DOT ID
   67    | Exp • STAR Exp
   68    | Exp • DIV Exp
   69    | Exp • PLUS Exp
   69    | Exp PLUS Exp •
   70    | Exp • MINUS Exp
   71    | Exp • RELOP Exp
   72    | Exp • AND Exp
   73    | Exp • OR Exp
   74    | Exp • ASSIGNOP Exp
   80    | Exp • LB error RB
   83    | Exp • STAR error
   84    | Exp • DIV error
   85    | Exp • PLUS error
   86    | Exp • MINUS error
   87    | Exp • RELOP error
   88    | Exp • AND error
   89    | Exp • OR error
   90    | Exp • ASSIGNOP error

    STAR  偏移，并进入状态 103
    DIV   偏移，并进入状态 104
    DOT   偏移，并进入状态 107
    LB    偏移，并进入状态 108

    $default  使用规则 69 以归约 (Exp)


状态 133

   86 Exp: Exp MINUS error •

    $default  使用规则 86 以归约 (Exp)


状态 134

   63 Exp: Exp • LB Exp RB
   64    | Exp • DOT ID
   67    | Exp • STAR Exp
   68    | Exp • DIV Exp
   69    | Exp • PLUS Exp
   70    | Exp • MINUS Exp
   70    | Exp MINUS Exp •
   71    | Exp • RELOP Exp
   72    | Exp • AND Exp
   73    | Exp • OR Exp
   74    | Exp • ASSIGNOP Exp
   80    | Exp • LB error RB
   83    | Exp • STAR error
   84    | Exp • DIV error
   85    | Exp • PLUS error
   86    | Exp • MINUS error
   87    | Exp • RELOP error
   88    | Exp • AND error
   89    | Exp • OR error
   90    | Exp • ASSIGNOP error

    STAR  偏移，并进入状态 103
    DIV   偏移，并进入状态 104
    DOT   偏移，并进入状态 107
    LB    偏移，并进入状态 108

    $default  使用规则 70 以归约 (Exp)


状态 135

   83 Exp: Exp STAR error •

    $default  使用规则 83 以归约 (Exp)


状态 136

   63 Exp: Exp • LB Exp RB
   64    | Exp • DOT ID
   67    | Exp • STAR Exp
   67    | Exp STAR Exp •
   68    | Exp • DIV Exp
   69    | Exp • PLUS Exp
   70    | Exp • MINUS Exp
   71    | Exp • RELOP Exp
   72    | Exp • AND Exp
   73    | Exp • OR Exp
   74    | Exp • ASSIGNOP Exp
   80    | Exp • LB error RB
   83    | Exp • STAR error
   84    | Exp • DIV error
   85    | Exp • PLUS error
   86    | Exp • MINUS error
   87    | Exp • RELOP error
   88    | Exp • AND error
   89    | Exp • OR error
   90    | Exp • ASSIGNOP error

    DOT  偏移，并进入状态 107
    LB   偏移，并进入状态 108

    $default  使用规则 67 以归约 (Exp)


状态 137

   84 Exp: Exp DIV error •

    $default  使用规则 84 以归约 (Exp)


状态 138

   63 Exp: Exp • LB Exp RB
   64    | Exp • DOT ID
   67    | Exp • STAR Exp
   68    | Exp • DIV Exp
   68    | Exp DIV Exp •
   69    | Exp • PLUS Exp
   70    | Exp • MINUS Exp
   71    | Exp • RELOP Exp
   72    | Exp • AND Exp
   73    | Exp • OR Exp
   74    | Exp • ASSIGNOP Exp
   80    | Exp • LB error RB
   83    | Exp • STAR error
   84    | Exp • DIV error
   85    | Exp • PLUS error
   86    | Exp • MINUS error
   87    | Exp • RELOP error
   88    | Exp • AND error
   89    | Exp • OR error
   90    | Exp • ASSIGNOP error

    DOT  偏移，并进入状态 107
    LB   偏移，并进入状态 108

    $default  使用规则 68 以归约 (Exp)


状态 139

   88 Exp: Exp AND error •

    $default  使用规则 88 以归约 (Exp)


状态 140

   63 Exp: Exp • LB Exp RB
   64    | Exp • DOT ID
   67    | Exp • STAR Exp
   68    | Exp • DIV Exp
   69    | Exp • PLUS Exp
   70    | Exp • MINUS Exp
   71    | Exp • RELOP Exp
   72    | Exp • AND Exp
   72    | Exp AND Exp •
   73    | Exp • OR Exp
   74    | Exp • ASSIGNOP Exp
   80    | Exp • LB error RB
   83    | Exp • STAR error
   84    | Exp • DIV error
   85    | Exp • PLUS error
   86    | Exp • MINUS error
   87    | Exp • RELOP error
   88    | Exp • AND error
   89    | Exp • OR error
   90    | Exp • ASSIGNOP error

    RELOP  偏移，并进入状态 100
    PLUS   偏移，并进入状态 101
    MINUS  偏移，并进入状态 102
    STAR   偏移，并进入状态 103
    DIV    偏移，并进入状态 104
    DOT    偏移，并进入状态 107
    LB     偏移，并进入状态 108

    $default  使用规则 72 以归约 (Exp)


状态 141

   89 Exp: Exp OR error •

    $default  使用规则 89 以归约 (Exp)


状态 142

   63 Exp: Exp • LB Exp RB
   64    | Exp • DOT ID
   67    | Exp • STAR Exp
   68    | Exp • DIV Exp
   69    | Exp • PLUS Exp
   70    | Exp • MINUS Exp
   71    | Exp • RELOP Exp
   72    | Exp • AND Exp
   73    | Exp • OR Exp
   73    | Exp OR Exp •
   74    | Exp • ASSIGNOP Exp
   80    | Exp • LB error RB
   83    | Exp • STAR error
   84    | Exp • DIV error
   85    | Exp • PLUS error
   86    | Exp • MINUS error
   87    | Exp • RELOP error
   88    | Exp • AND error
   89    | Exp • OR error
   90    | Exp • ASSIGNOP error

    RELOP  偏移，并进入状态 100
    PLUS   偏移，并进入状态 101
    MINUS  偏移，并进入状态 102
    STAR   偏移，并进入状态 103
    DIV    偏移，并进入状态 104
    AND    偏移，并进入状态 105
    DOT    偏移，并进入状态 107
    LB     偏移，并进入状态 108

    $default  使用规则 73 以归约 (Exp)


状态 143

   64 Exp: Exp DOT ID •

    $default  使用规则 64 以归约 (Exp)


状态 144

   80 Exp: Exp LB error • RB

    RB  偏移，并进入状态 157


状态 145

   63 Exp: Exp • LB Exp RB
   63    | Exp LB Exp • RB
   64    | Exp • DOT ID
   67    | Exp • STAR Exp
   68    | Exp • DIV Exp
   69    | Exp • PLUS Exp
   70    | Exp • MINUS Exp
   71    | Exp • RELOP Exp
   72    | Exp • AND Exp
   73    | Exp • OR Exp
   74    | Exp • ASSIGNOP Exp
   80    | Exp • LB error RB
   83    | Exp • STAR error
   84    | Exp • DIV error
   85    | Exp • PLUS error
   86    | Exp • MINUS error
   87    | Exp • RELOP error
   88    | Exp • AND error
   89    | Exp • OR error
   90    | Exp • ASSIGNOP error

    ASSIGNOP  偏移，并进入状态 99
    RELOP     偏移，并进入状态 100
    PLUS      偏移，并进入状态 101
    MINUS     偏移，并进入状态 102
    STAR      偏移，并进入状态 103
    DIV       偏移，并进入状态 104
    AND       偏移，并进入状态 105
    OR        偏移，并进入状态 106
    DOT       偏移，并进入状态 107
    LB        偏移，并进入状态 108
    RB        偏移，并进入状态 158


状态 146

   79 Exp: ID LP error RP •

    $default  使用规则 79 以归约 (Exp)


状态 147

   91 Args: Exp COMMA • Args

    INT    偏移，并进入状态 61
    FLOAT  偏移，并进入状态 62
    ID     偏移，并进入状态 63
    MINUS  偏移，并进入状态 64
    NOT    偏移，并进入状态 65
    LP     偏移，并进入状态 66

    Exp   转到状态 113
    Args  转到状态 159


状态 148

   61 Exp: ID LP Args RP •

    $default  使用规则 61 以归约 (Exp)


状态 149

   40 Stmt: IF error Exp RP • Stmt

    error   偏移，并进入状态 60
    INT     偏移，并进入状态 61
    FLOAT   偏移，并进入状态 62
    ID      偏移，并进入状态 63
    MINUS   偏移，并进入状态 64
    NOT     偏移，并进入状态 65
    LP      偏移，并进入状态 66
    LC      偏移，并进入状态 31
    RETURN  偏移，并进入状态 67
    IF      偏移，并进入状态 68
    WHILE   偏移，并进入状态 69

    CompSt  转到状态 70
    Stmt    转到状态 160
    Exp     转到状态 73


状态 150

   41 Stmt: IF LP error RP • Stmt

    error   偏移，并进入状态 60
    INT     偏移，并进入状态 61
    FLOAT   偏移，并进入状态 62
    ID      偏移，并进入状态 63
    MINUS   偏移，并进入状态 64
    NOT     偏移，并进入状态 65
    LP      偏移，并进入状态 66
    LC      偏移，并进入状态 31
    RETURN  偏移，并进入状态 67
    IF      偏移，并进入状态 68
    WHILE   偏移，并进入状态 69

    CompSt  转到状态 70
    Stmt    转到状态 161
    Exp     转到状态 73


状态 151

   42 Stmt: IF LP Exp error • Stmt

    error   偏移，并进入状态 60
    INT     偏移，并进入状态 61
    FLOAT   偏移，并进入状态 62
    ID      偏移，并进入状态 63
    MINUS   偏移，并进入状态 64
    NOT     偏移，并进入状态 65
    LP      偏移，并进入状态 66
    LC      偏移，并进入状态 31
    RETURN  偏移，并进入状态 67
    IF      偏移，并进入状态 68
    WHILE   偏移，并进入状态 69

    CompSt  转到状态 70
    Stmt    转到状态 162
    Exp     转到状态 73


状态 152

   37 Stmt: IF LP Exp RP • Stmt
   38     | IF LP Exp RP • Stmt ELSE Stmt

    error   偏移，并进入状态 60
    INT     偏移，并进入状态 61
    FLOAT   偏移，并进入状态 62
    ID      偏移，并进入状态 63
    MINUS   偏移，并进入状态 64
    NOT     偏移，并进入状态 65
    LP      偏移，并进入状态 66
    LC      偏移，并进入状态 31
    RETURN  偏移，并进入状态 67
    IF      偏移，并进入状态 68
    WHILE   偏移，并进入状态 69

    CompSt  转到状态 70
    Stmt    转到状态 163
    Exp     转到状态 73


状态 153

   43 Stmt: WHILE error Exp RP • Stmt

    error   偏移，并进入状态 60
    INT     偏移，并进入状态 61
    FLOAT   偏移，并进入状态 62
    ID      偏移，并进入状态 63
    MINUS   偏移，并进入状态 64
    NOT     偏移，并进入状态 65
    LP      偏移，并进入状态 66
    LC      偏移，并进入状态 31
    RETURN  偏移，并进入状态 67
    IF      偏移，并进入状态 68
    WHILE   偏移，并进入状态 69

    CompSt  转到状态 70
    Stmt    转到状态 164
    Exp     转到状态 73


状态 154

   44 Stmt: WHILE LP error RP • Stmt

    error   偏移，并进入状态 60
    INT     偏移，并进入状态 61
    FLOAT   偏移，并进入状态 62
    ID      偏移，并进入状态 63
    MINUS   偏移，并进入状态 64
    NOT     偏移，并进入状态 65
    LP      偏移，并进入状态 66
    LC      偏移，并进入状态 31
    RETURN  偏移，并进入状态 67
    IF      偏移，并进入状态 68
    WHILE   偏移，并进入状态 69

    CompSt  转到状态 70
    Stmt    转到状态 165
    Exp     转到状态 73


状态 155

   45 Stmt: WHILE LP Exp error • Stmt

    error   偏移，并进入状态 60
    INT     偏移，并进入状态 61
    FLOAT   偏移，并进入状态 62
    ID      偏移，并进入状态 63
    MINUS   偏移，并进入状态 64
    NOT     偏移，并进入状态 65
    LP      偏移，并进入状态 66
    LC      偏移，并进入状态 31
    RETURN  偏移，并进入状态 67
    IF      偏移，并进入状态 68
    WHILE   偏移，并进入状态 69

    CompSt  转到状态 70
    Stmt    转到状态 166
    Exp     转到状态 73


状态 156

   39 Stmt: WHILE LP Exp RP • Stmt

    error   偏移，并进入状态 60
    INT     偏移，并进入状态 61
    FLOAT   偏移，并进入状态 62
    ID      偏移，并进入状态 63
    MINUS   偏移，并进入状态 64
    NOT     偏移，并进入状态 65
    LP      偏移，并进入状态 66
    LC      偏移，并进入状态 31
    RETURN  偏移，并进入状态 67
    IF      偏移，并进入状态 68
    WHILE   偏移，并进入状态 69

    CompSt  转到状态 70
    Stmt    转到状态 167
    Exp     转到状态 73


状态 157

   80 Exp: Exp LB error RB •

    $default  使用规则 80 以归约 (Exp)


状态 158

   63 Exp: Exp LB Exp RB •

    $default  使用规则 63 以归约 (Exp)


状态 159

   91 Args: Exp COMMA Args •

    $default  使用规则 91 以归约 (Args)


状态 160

   40 Stmt: IF error Exp RP Stmt •

    $default  使用规则 40 以归约 (Stmt)


状态 161

   41 Stmt: IF LP error RP Stmt •

    $default  使用规则 41 以归约 (Stmt)


状态 162

   42 Stmt: IF LP Exp error Stmt •

    $default  使用规则 42 以归约 (Stmt)


状态 163

   37 Stmt: IF LP Exp RP Stmt •
   38     | IF LP Exp RP Stmt • ELSE Stmt

    ELSE  偏移，并进入状态 168

    $default  使用规则 37 以归约 (Stmt)


状态 164

   43 Stmt: WHILE error Exp RP Stmt •

    $default  使用规则 43 以归约 (Stmt)


状态 165

   44 Stmt: WHILE LP error RP Stmt •

    $default  使用规则 44 以归约 (Stmt)


状态 166

   45 Stmt: WHILE LP Exp error Stmt •

    $default  使用规则 45 以归约 (Stmt)


状态 167

   39 Stmt: WHILE LP Exp RP Stmt •

    $default  使用规则 39 以归约 (Stmt)


状态 168

   38 Stmt: IF LP Exp RP Stmt ELSE • Stmt

    error   偏移，并进入状态 60
    INT     偏移，并进入状态 61
    FLOAT   偏移，并进入状态 62
    ID      偏移，并进入状态 63
    MINUS   偏移，并进入状态 64
    NOT     偏移，并进入状态 65
    LP      偏移，并进入状态 66
    LC      偏移，并进入状态 31
    RETURN  偏移，并进入状态 67
    IF      偏移，并进入状态 68
    WHILE   偏移，并进入状态 69

    CompSt  转到状态 70
    Stmt    转到状态 169
    Exp     转到状态 73


状态 169

   38 Stmt: IF LP Exp RP Stmt ELSE Stmt •

    $default  使用规则 38 以归约 (Stmt)
